This file contains any messages produced by compilers while
running configure, to aid debugging if configure makes a mistake.

It was created by miau configure 0.6.6, which was
generated by GNU Autoconf 2.67.  Invocation command line was

  $ ./configure --disable-mkpasswd

## --------- ##
## Platform. ##
## --------- ##

hostname = gozer
uname -m = i386
uname -r = 4
uname -s = Plan9
uname -v = 0

/usr/bin/uname -p = unknown
/bin/uname -X     = 

/bin/arch              = unknown
/usr/bin/arch -k       = unknown
/usr/convex/getsysinfo = unknown
/usr/bin/hostinfo      = unknown
/bin/machine           = unknown
/usr/bin/oslevel       = unknown
/bin/universe          = unknown

PATH: /bin
PATH: .


## ----------- ##
## Core tests. ##
## ----------- ##

configure:2312: checking for a BSD-compatible install
configure:2380: result: ./install-sh -c
configure:2391: checking whether build environment is sane
configure:2441: result: yes
configure:2582: checking for a thread-safe mkdir -p
configure:2621: result: ./install-sh -c -d
configure:2634: checking for gawk
configure:2664: result: no
configure:2634: checking for mawk
configure:2664: result: no
configure:2634: checking for nawk
configure:2664: result: no
configure:2634: checking for awk
configure:2650: found /bin/awk
configure:2661: result: awk
configure:2672: checking whether make sets $(MAKE)
configure:2694: result: yes
configure:3090: checking for gcc
configure:3120: result: no
configure:3183: checking for cc
configure:3204: found /bin/cc
configure:3227: result: cc
configure:3346: checking for C compiler version
configure:3355: cc --version >&5
cc: flag -- ignored
cc: flag -e ignored
cc: flag -r ignored
cc: flag -i ignored
cc: no files to compile or load
configure:3366: $? = 1
configure:3355: cc -v >&5
cc: no files to compile or load
configure:3366: $? = 1
configure:3355: cc -V >&5
cc: flag -V ignored
cc: no files to compile or load
configure:3366: $? = 1
configure:3355: cc -qversion >&5
cc: flag -q ignored
cc: flag -e ignored
cc: flag -r ignored
cc: flag -i ignored
cc: no files to compile or load
configure:3366: $? = 1
configure:3386: checking whether the C compiler works
configure:3408: cc -D_C99_SNPRINTF_EXTENSION -D_BSD_EXTENSION -DHAVE_SOCK_OPTS -DHAVE_SNPRINTF -g   conftest.c  >&5
configure:3412: $? = 0
configure:3460: result: yes
configure:3463: checking for C compiler default output file name
configure:3465: result: a.out
configure:3471: checking for suffix of executables
configure:3478: cc -o conftest -D_C99_SNPRINTF_EXTENSION -D_BSD_EXTENSION -DHAVE_SOCK_OPTS -DHAVE_SNPRINTF -g   conftest.c  >&5
configure:3482: $? = 0
configure:3504: result: 
configure:3526: checking whether we are cross compiling
configure:3534: cc -o conftest -D_C99_SNPRINTF_EXTENSION -D_BSD_EXTENSION -DHAVE_SOCK_OPTS -DHAVE_SNPRINTF -g   conftest.c  >&5
configure:3538: $? = 0
configure:3545: ./conftest
configure:3549: $? = 0
configure:3564: result: no
configure:3569: checking for suffix of object files
configure:3591: cc -c -D_C99_SNPRINTF_EXTENSION -D_BSD_EXTENSION -DHAVE_SOCK_OPTS -DHAVE_SNPRINTF -g  conftest.c >&5
configure:3595: $? = 0
configure:3616: result: o
configure:3620: checking whether we are using the GNU C compiler
configure:3639: cc -c -D_C99_SNPRINTF_EXTENSION -D_BSD_EXTENSION -DHAVE_SOCK_OPTS -DHAVE_SNPRINTF -g  conftest.c >&5
/usr/john/miau/conftest.c:30[stdin:31] syntax error, last name: me
configure:3639: $? = 1
configure: failed program was:
| /* confdefs.h */
| #define PACKAGE_NAME "miau"
| #define PACKAGE_TARNAME "miau"
| #define PACKAGE_VERSION "0.6.6"
| #define PACKAGE_STRING "miau 0.6.6"
| #define PACKAGE_BUGREPORT ""
| #define PACKAGE_URL ""
| #define PACKAGE "miau"
| #define VERSION "0.6.6"
| #define VERSIONNAME "Scratching post"
| #define DCCBOUNCE yes
| #define AUTOMODE yes
| #define UPTIME yes
| #define CHANLOG yes
| #define PRIVLOG yes
| #define ONCONNECT yes
| #define CTCPREPLIES yes
| #define ASCIIART yes
| #define QUICKLOG yes
| #define QLOGSTAMP yes
| #define INBOX yes
| #define ENDUSERDEBUG yes
| #define DUMPSTATUS yes
| /* end confdefs.h.  */
| 
| int
| main ()
| {
| #ifndef __GNUC__
|        choke me
| #endif
| 
|   ;
|   return 0;
| }
configure:3648: result: no
configure:3657: checking whether cc accepts -g
configure:3677: cc -c -g  conftest.c >&5
configure:3677: $? = 0
configure:3718: result: yes
configure:3735: checking for cc option to accept ISO C89
configure:3799: cc  -c -D_C99_SNPRINTF_EXTENSION -D_BSD_EXTENSION -DHAVE_SOCK_OPTS -DHAVE_SNPRINTF -g  conftest.c >&5
configure:3799: $? = 0
configure:3812: result: none needed
configure:3843: checking for style of include used by make
configure:3871: result: GNU
configure:3896: checking dependency style of cc
configure:4006: result: none
configure:4021: checking whether make sets $(MAKE)
configure:4043: result: yes
configure:4061: checking how to run the C preprocessor
configure:4092: cc -E  conftest.c
configure:4092: $? = 0
configure:4106: cc -E  conftest.c
configure:4106: $? = 1
configure: failed program was:
| /* confdefs.h */
| #define PACKAGE_NAME "miau"
| #define PACKAGE_TARNAME "miau"
| #define PACKAGE_VERSION "0.6.6"
| #define PACKAGE_STRING "miau 0.6.6"
| #define PACKAGE_BUGREPORT ""
| #define PACKAGE_URL ""
| #define PACKAGE "miau"
| #define VERSION "0.6.6"
| #define VERSIONNAME "Scratching post"
| #define DCCBOUNCE yes
| #define AUTOMODE yes
| #define UPTIME yes
| #define CHANLOG yes
| #define PRIVLOG yes
| #define ONCONNECT yes
| #define CTCPREPLIES yes
| #define ASCIIART yes
| #define QUICKLOG yes
| #define QLOGSTAMP yes
| #define INBOX yes
| #define ENDUSERDEBUG yes
| #define DUMPSTATUS yes
| /* end confdefs.h.  */
| #include <ac_nonexistent.h>
configure:4131: result: cc -E
configure:4151: cc -E  conftest.c
configure:4151: $? = 0
configure:4165: cc -E  conftest.c
configure:4165: $? = 1
configure: failed program was:
| /* confdefs.h */
| #define PACKAGE_NAME "miau"
| #define PACKAGE_TARNAME "miau"
| #define PACKAGE_VERSION "0.6.6"
| #define PACKAGE_STRING "miau 0.6.6"
| #define PACKAGE_BUGREPORT ""
| #define PACKAGE_URL ""
| #define PACKAGE "miau"
| #define VERSION "0.6.6"
| #define VERSIONNAME "Scratching post"
| #define DCCBOUNCE yes
| #define AUTOMODE yes
| #define UPTIME yes
| #define CHANLOG yes
| #define PRIVLOG yes
| #define ONCONNECT yes
| #define CTCPREPLIES yes
| #define ASCIIART yes
| #define QUICKLOG yes
| #define QLOGSTAMP yes
| #define INBOX yes
| #define ENDUSERDEBUG yes
| #define DUMPSTATUS yes
| /* end confdefs.h.  */
| #include <ac_nonexistent.h>
configure:4194: checking for grep that handles long lines and -e
configure:4252: result: /bin/grep
configure:4257: checking for egrep
configure:4319: result: /bin/egrep
configure:4324: checking for ANSI C header files
configure:4344: cc -c -D_C99_SNPRINTF_EXTENSION -D_BSD_EXTENSION -DHAVE_SOCK_OPTS -DHAVE_SNPRINTF -g  conftest.c >&5
configure:4344: $? = 0
configure:4417: cc -o conftest -D_C99_SNPRINTF_EXTENSION -D_BSD_EXTENSION -DHAVE_SOCK_OPTS -DHAVE_SNPRINTF -g   conftest.c  >&5
configure:4417: $? = 0
configure:4417: ./conftest
configure:4417: $? = 0
configure:4428: result: yes
configure:4441: checking for sys/types.h
configure:4441: cc -c -D_C99_SNPRINTF_EXTENSION -D_BSD_EXTENSION -DHAVE_SOCK_OPTS -DHAVE_SNPRINTF -g  conftest.c >&5
configure:4441: $? = 0
configure:4441: result: yes
configure:4441: checking for sys/stat.h
configure:4441: cc -c -D_C99_SNPRINTF_EXTENSION -D_BSD_EXTENSION -DHAVE_SOCK_OPTS -DHAVE_SNPRINTF -g  conftest.c >&5
configure:4441: $? = 0
configure:4441: result: yes
configure:4441: checking for stdlib.h
configure:4441: cc -c -D_C99_SNPRINTF_EXTENSION -D_BSD_EXTENSION -DHAVE_SOCK_OPTS -DHAVE_SNPRINTF -g  conftest.c >&5
configure:4441: $? = 0
configure:4441: result: yes
configure:4441: checking for string.h
configure:4441: cc -c -D_C99_SNPRINTF_EXTENSION -D_BSD_EXTENSION -DHAVE_SOCK_OPTS -DHAVE_SNPRINTF -g  conftest.c >&5
configure:4441: $? = 0
configure:4441: result: yes
configure:4441: checking for memory.h
configure:4441: cc -c -D_C99_SNPRINTF_EXTENSION -D_BSD_EXTENSION -DHAVE_SOCK_OPTS -DHAVE_SNPRINTF -g  conftest.c >&5
configure:4441: $? = 1
configure: failed program was:
| /* confdefs.h */
| #define PACKAGE_NAME "miau"
| #define PACKAGE_TARNAME "miau"
| #define PACKAGE_VERSION "0.6.6"
| #define PACKAGE_STRING "miau 0.6.6"
| #define PACKAGE_BUGREPORT ""
| #define PACKAGE_URL ""
| #define PACKAGE "miau"
| #define VERSION "0.6.6"
| #define VERSIONNAME "Scratching post"
| #define DCCBOUNCE yes
| #define AUTOMODE yes
| #define UPTIME yes
| #define CHANLOG yes
| #define PRIVLOG yes
| #define ONCONNECT yes
| #define CTCPREPLIES yes
| #define ASCIIART yes
| #define QUICKLOG yes
| #define QLOGSTAMP yes
| #define INBOX yes
| #define ENDUSERDEBUG yes
| #define DUMPSTATUS yes
| #define STDC_HEADERS 1
| #define HAVE_SYS_TYPES_H 1
| #define HAVE_SYS_STAT_H 1
| #define HAVE_STDLIB_H 1
| #define HAVE_STRING_H 1
| /* end confdefs.h.  */
| #include <stdio.h>
| #ifdef HAVE_SYS_TYPES_H
| # include <sys/types.h>
| #endif
| #ifdef HAVE_SYS_STAT_H
| # include <sys/stat.h>
| #endif
| #ifdef STDC_HEADERS
| # include <stdlib.h>
| # include <stddef.h>
| #else
| # ifdef HAVE_STDLIB_H
| #  include <stdlib.h>
| # endif
| #endif
| #ifdef HAVE_STRING_H
| # if !defined STDC_HEADERS && defined HAVE_MEMORY_H
| #  include <memory.h>
| # endif
| # include <string.h>
| #endif
| #ifdef HAVE_STRINGS_H
| # include <strings.h>
| #endif
| #ifdef HAVE_INTTYPES_H
| # include <inttypes.h>
| #endif
| #ifdef HAVE_STDINT_H
| # include <stdint.h>
| #endif
| #ifdef HAVE_UNISTD_H
| # include <unistd.h>
| #endif
| 
| #include <memory.h>
configure:4441: result: no
configure:4441: checking for strings.h
configure:4441: cc -c -D_C99_SNPRINTF_EXTENSION -D_BSD_EXTENSION -DHAVE_SOCK_OPTS -DHAVE_SNPRINTF -g  conftest.c >&5
configure:4441: $? = 1
configure: failed program was:
| /* confdefs.h */
| #define PACKAGE_NAME "miau"
| #define PACKAGE_TARNAME "miau"
| #define PACKAGE_VERSION "0.6.6"
| #define PACKAGE_STRING "miau 0.6.6"
| #define PACKAGE_BUGREPORT ""
| #define PACKAGE_URL ""
| #define PACKAGE "miau"
| #define VERSION "0.6.6"
| #define VERSIONNAME "Scratching post"
| #define DCCBOUNCE yes
| #define AUTOMODE yes
| #define UPTIME yes
| #define CHANLOG yes
| #define PRIVLOG yes
| #define ONCONNECT yes
| #define CTCPREPLIES yes
| #define ASCIIART yes
| #define QUICKLOG yes
| #define QLOGSTAMP yes
| #define INBOX yes
| #define ENDUSERDEBUG yes
| #define DUMPSTATUS yes
| #define STDC_HEADERS 1
| #define HAVE_SYS_TYPES_H 1
| #define HAVE_SYS_STAT_H 1
| #define HAVE_STDLIB_H 1
| #define HAVE_STRING_H 1
| /* end confdefs.h.  */
| #include <stdio.h>
| #ifdef HAVE_SYS_TYPES_H
| # include <sys/types.h>
| #endif
| #ifdef HAVE_SYS_STAT_H
| # include <sys/stat.h>
| #endif
| #ifdef STDC_HEADERS
| # include <stdlib.h>
| # include <stddef.h>
| #else
| # ifdef HAVE_STDLIB_H
| #  include <stdlib.h>
| # endif
| #endif
| #ifdef HAVE_STRING_H
| # if !defined STDC_HEADERS && defined HAVE_MEMORY_H
| #  include <memory.h>
| # endif
| # include <string.h>
| #endif
| #ifdef HAVE_STRINGS_H
| # include <strings.h>
| #endif
| #ifdef HAVE_INTTYPES_H
| # include <inttypes.h>
| #endif
| #ifdef HAVE_STDINT_H
| # include <stdint.h>
| #endif
| #ifdef HAVE_UNISTD_H
| # include <unistd.h>
| #endif
| 
| #include <strings.h>
configure:4441: result: no
configure:4441: checking for inttypes.h
configure:4441: cc -c -D_C99_SNPRINTF_EXTENSION -D_BSD_EXTENSION -DHAVE_SOCK_OPTS -DHAVE_SNPRINTF -g  conftest.c >&5
configure:4441: $? = 1
configure: failed program was:
| /* confdefs.h */
| #define PACKAGE_NAME "miau"
| #define PACKAGE_TARNAME "miau"
| #define PACKAGE_VERSION "0.6.6"
| #define PACKAGE_STRING "miau 0.6.6"
| #define PACKAGE_BUGREPORT ""
| #define PACKAGE_URL ""
| #define PACKAGE "miau"
| #define VERSION "0.6.6"
| #define VERSIONNAME "Scratching post"
| #define DCCBOUNCE yes
| #define AUTOMODE yes
| #define UPTIME yes
| #define CHANLOG yes
| #define PRIVLOG yes
| #define ONCONNECT yes
| #define CTCPREPLIES yes
| #define ASCIIART yes
| #define QUICKLOG yes
| #define QLOGSTAMP yes
| #define INBOX yes
| #define ENDUSERDEBUG yes
| #define DUMPSTATUS yes
| #define STDC_HEADERS 1
| #define HAVE_SYS_TYPES_H 1
| #define HAVE_SYS_STAT_H 1
| #define HAVE_STDLIB_H 1
| #define HAVE_STRING_H 1
| /* end confdefs.h.  */
| #include <stdio.h>
| #ifdef HAVE_SYS_TYPES_H
| # include <sys/types.h>
| #endif
| #ifdef HAVE_SYS_STAT_H
| # include <sys/stat.h>
| #endif
| #ifdef STDC_HEADERS
| # include <stdlib.h>
| # include <stddef.h>
| #else
| # ifdef HAVE_STDLIB_H
| #  include <stdlib.h>
| # endif
| #endif
| #ifdef HAVE_STRING_H
| # if !defined STDC_HEADERS && defined HAVE_MEMORY_H
| #  include <memory.h>
| # endif
| # include <string.h>
| #endif
| #ifdef HAVE_STRINGS_H
| # include <strings.h>
| #endif
| #ifdef HAVE_INTTYPES_H
| # include <inttypes.h>
| #endif
| #ifdef HAVE_STDINT_H
| # include <stdint.h>
| #endif
| #ifdef HAVE_UNISTD_H
| # include <unistd.h>
| #endif
| 
| #include <inttypes.h>
configure:4441: result: no
configure:4441: checking for stdint.h
configure:4441: cc -c -D_C99_SNPRINTF_EXTENSION -D_BSD_EXTENSION -DHAVE_SOCK_OPTS -DHAVE_SNPRINTF -g  conftest.c >&5
configure:4441: $? = 1
configure: failed program was:
| /* confdefs.h */
| #define PACKAGE_NAME "miau"
| #define PACKAGE_TARNAME "miau"
| #define PACKAGE_VERSION "0.6.6"
| #define PACKAGE_STRING "miau 0.6.6"
| #define PACKAGE_BUGREPORT ""
| #define PACKAGE_URL ""
| #define PACKAGE "miau"
| #define VERSION "0.6.6"
| #define VERSIONNAME "Scratching post"
| #define DCCBOUNCE yes
| #define AUTOMODE yes
| #define UPTIME yes
| #define CHANLOG yes
| #define PRIVLOG yes
| #define ONCONNECT yes
| #define CTCPREPLIES yes
| #define ASCIIART yes
| #define QUICKLOG yes
| #define QLOGSTAMP yes
| #define INBOX yes
| #define ENDUSERDEBUG yes
| #define DUMPSTATUS yes
| #define STDC_HEADERS 1
| #define HAVE_SYS_TYPES_H 1
| #define HAVE_SYS_STAT_H 1
| #define HAVE_STDLIB_H 1
| #define HAVE_STRING_H 1
| /* end confdefs.h.  */
| #include <stdio.h>
| #ifdef HAVE_SYS_TYPES_H
| # include <sys/types.h>
| #endif
| #ifdef HAVE_SYS_STAT_H
| # include <sys/stat.h>
| #endif
| #ifdef STDC_HEADERS
| # include <stdlib.h>
| # include <stddef.h>
| #else
| # ifdef HAVE_STDLIB_H
| #  include <stdlib.h>
| # endif
| #endif
| #ifdef HAVE_STRING_H
| # if !defined STDC_HEADERS && defined HAVE_MEMORY_H
| #  include <memory.h>
| # endif
| # include <string.h>
| #endif
| #ifdef HAVE_STRINGS_H
| # include <strings.h>
| #endif
| #ifdef HAVE_INTTYPES_H
| # include <inttypes.h>
| #endif
| #ifdef HAVE_STDINT_H
| # include <stdint.h>
| #endif
| #ifdef HAVE_UNISTD_H
| # include <unistd.h>
| #endif
| 
| #include <stdint.h>
configure:4441: result: no
configure:4441: checking for unistd.h
configure:4441: cc -c -D_C99_SNPRINTF_EXTENSION -D_BSD_EXTENSION -DHAVE_SOCK_OPTS -DHAVE_SNPRINTF -g  conftest.c >&5
configure:4441: $? = 0
configure:4441: result: yes
configure:4456: checking arpa/inet.h usability
configure:4456: cc -c -D_C99_SNPRINTF_EXTENSION -D_BSD_EXTENSION -DHAVE_SOCK_OPTS -DHAVE_SNPRINTF -g  conftest.c >&5
configure:4456: $? = 0
configure:4456: result: yes
configure:4456: checking arpa/inet.h presence
configure:4456: cc -E  conftest.c
configure:4456: $? = 0
configure:4456: result: yes
configure:4456: checking for arpa/inet.h
configure:4456: result: yes
configure:4456: checking crypt.h usability
configure:4456: cc -c -D_C99_SNPRINTF_EXTENSION -D_BSD_EXTENSION -DHAVE_SOCK_OPTS -DHAVE_SNPRINTF -g  conftest.c >&5
configure:4456: $? = 1
configure: failed program was:
| /* confdefs.h */
| #define PACKAGE_NAME "miau"
| #define PACKAGE_TARNAME "miau"
| #define PACKAGE_VERSION "0.6.6"
| #define PACKAGE_STRING "miau 0.6.6"
| #define PACKAGE_BUGREPORT ""
| #define PACKAGE_URL ""
| #define PACKAGE "miau"
| #define VERSION "0.6.6"
| #define VERSIONNAME "Scratching post"
| #define DCCBOUNCE yes
| #define AUTOMODE yes
| #define UPTIME yes
| #define CHANLOG yes
| #define PRIVLOG yes
| #define ONCONNECT yes
| #define CTCPREPLIES yes
| #define ASCIIART yes
| #define QUICKLOG yes
| #define QLOGSTAMP yes
| #define INBOX yes
| #define ENDUSERDEBUG yes
| #define DUMPSTATUS yes
| #define STDC_HEADERS 1
| #define HAVE_SYS_TYPES_H 1
| #define HAVE_SYS_STAT_H 1
| #define HAVE_STDLIB_H 1
| #define HAVE_STRING_H 1
| #define HAVE_UNISTD_H 1
| #define HAVE_ARPA_INET_H 1
| /* end confdefs.h.  */
| #include <stdio.h>
| #ifdef HAVE_SYS_TYPES_H
| # include <sys/types.h>
| #endif
| #ifdef HAVE_SYS_STAT_H
| # include <sys/stat.h>
| #endif
| #ifdef STDC_HEADERS
| # include <stdlib.h>
| # include <stddef.h>
| #else
| # ifdef HAVE_STDLIB_H
| #  include <stdlib.h>
| # endif
| #endif
| #ifdef HAVE_STRING_H
| # if !defined STDC_HEADERS && defined HAVE_MEMORY_H
| #  include <memory.h>
| # endif
| # include <string.h>
| #endif
| #ifdef HAVE_STRINGS_H
| # include <strings.h>
| #endif
| #ifdef HAVE_INTTYPES_H
| # include <inttypes.h>
| #endif
| #ifdef HAVE_STDINT_H
| # include <stdint.h>
| #endif
| #ifdef HAVE_UNISTD_H
| # include <unistd.h>
| #endif
| #include <crypt.h>
configure:4456: result: no
configure:4456: checking crypt.h presence
configure:4456: cc -E  conftest.c
configure:4456: $? = 1
configure: failed program was:
| /* confdefs.h */
| #define PACKAGE_NAME "miau"
| #define PACKAGE_TARNAME "miau"
| #define PACKAGE_VERSION "0.6.6"
| #define PACKAGE_STRING "miau 0.6.6"
| #define PACKAGE_BUGREPORT ""
| #define PACKAGE_URL ""
| #define PACKAGE "miau"
| #define VERSION "0.6.6"
| #define VERSIONNAME "Scratching post"
| #define DCCBOUNCE yes
| #define AUTOMODE yes
| #define UPTIME yes
| #define CHANLOG yes
| #define PRIVLOG yes
| #define ONCONNECT yes
| #define CTCPREPLIES yes
| #define ASCIIART yes
| #define QUICKLOG yes
| #define QLOGSTAMP yes
| #define INBOX yes
| #define ENDUSERDEBUG yes
| #define DUMPSTATUS yes
| #define STDC_HEADERS 1
| #define HAVE_SYS_TYPES_H 1
| #define HAVE_SYS_STAT_H 1
| #define HAVE_STDLIB_H 1
| #define HAVE_STRING_H 1
| #define HAVE_UNISTD_H 1
| #define HAVE_ARPA_INET_H 1
| /* end confdefs.h.  */
| #include <crypt.h>
configure:4456: result: no
configure:4456: checking for crypt.h
configure:4456: result: no
configure:4456: checking fcntl.h usability
configure:4456: cc -c -D_C99_SNPRINTF_EXTENSION -D_BSD_EXTENSION -DHAVE_SOCK_OPTS -DHAVE_SNPRINTF -g  conftest.c >&5
configure:4456: $? = 0
configure:4456: result: yes
configure:4456: checking fcntl.h presence
configure:4456: cc -E  conftest.c
configure:4456: $? = 0
configure:4456: result: yes
configure:4456: checking for fcntl.h
configure:4456: result: yes
configure:4456: checking netdb.h usability
configure:4456: cc -c -D_C99_SNPRINTF_EXTENSION -D_BSD_EXTENSION -DHAVE_SOCK_OPTS -DHAVE_SNPRINTF -g  conftest.c >&5
configure:4456: $? = 0
configure:4456: result: yes
configure:4456: checking netdb.h presence
configure:4456: cc -E  conftest.c
configure:4456: $? = 0
configure:4456: result: yes
configure:4456: checking for netdb.h
configure:4456: result: yes
configure:4456: checking netinet/in.h usability
configure:4456: cc -c -D_C99_SNPRINTF_EXTENSION -D_BSD_EXTENSION -DHAVE_SOCK_OPTS -DHAVE_SNPRINTF -g  conftest.c >&5
configure:4456: $? = 0
configure:4456: result: yes
configure:4456: checking netinet/in.h presence
configure:4456: cc -E  conftest.c
configure:4456: $? = 0
configure:4456: result: yes
configure:4456: checking for netinet/in.h
configure:4456: result: yes
configure:4469: checking for stdlib.h
configure:4469: result: yes
configure:4469: checking for string.h
configure:4469: result: yes
configure:4469: checking for strings.h
configure:4469: result: no
configure:4469: checking sys/socket.h usability
configure:4469: cc -c -D_C99_SNPRINTF_EXTENSION -D_BSD_EXTENSION -DHAVE_SOCK_OPTS -DHAVE_SNPRINTF -g  conftest.c >&5
configure:4469: $? = 0
configure:4469: result: yes
configure:4469: checking sys/socket.h presence
configure:4469: cc -E  conftest.c
configure:4469: $? = 0
configure:4469: result: yes
configure:4469: checking for sys/socket.h
configure:4469: result: yes
configure:4469: checking sys/time.h usability
configure:4469: cc -c -D_C99_SNPRINTF_EXTENSION -D_BSD_EXTENSION -DHAVE_SOCK_OPTS -DHAVE_SNPRINTF -g  conftest.c >&5
configure:4469: $? = 0
configure:4469: result: yes
configure:4469: checking sys/time.h presence
configure:4469: cc -E  conftest.c
configure:4469: $? = 0
configure:4469: result: yes
configure:4469: checking for sys/time.h
configure:4469: result: yes
configure:4469: checking for unistd.h
configure:4469: result: yes
configure:4481: checking for library containing gethostbyname
configure:4512: cc -o conftest -D_C99_SNPRINTF_EXTENSION -D_BSD_EXTENSION -DHAVE_SOCK_OPTS -DHAVE_SNPRINTF -g   conftest.c  >&5
configure:4512: $? = 0
configure:4529: result: none required
configure:4537: checking for library containing gethostbyaddr
configure:4568: cc -o conftest -D_C99_SNPRINTF_EXTENSION -D_BSD_EXTENSION -DHAVE_SOCK_OPTS -DHAVE_SNPRINTF -g   conftest.c  >&5
configure:4568: $? = 0
configure:4585: result: none required
configure:4593: checking for library containing socket
configure:4624: cc -o conftest -D_C99_SNPRINTF_EXTENSION -D_BSD_EXTENSION -DHAVE_SOCK_OPTS -DHAVE_SNPRINTF -g   conftest.c  >&5
configure:4624: $? = 0
configure:4641: result: none required
configure:4649: checking for library containing hstrerror
configure:4680: cc -o conftest -D_C99_SNPRINTF_EXTENSION -D_BSD_EXTENSION -DHAVE_SOCK_OPTS -DHAVE_SNPRINTF -g   conftest.c  >&5
main: hstrerror is undefined
configure:4680: $? = 1
configure: failed program was:
| /* confdefs.h */
| #define PACKAGE_NAME "miau"
| #define PACKAGE_TARNAME "miau"
| #define PACKAGE_VERSION "0.6.6"
| #define PACKAGE_STRING "miau 0.6.6"
| #define PACKAGE_BUGREPORT ""
| #define PACKAGE_URL ""
| #define PACKAGE "miau"
| #define VERSION "0.6.6"
| #define VERSIONNAME "Scratching post"
| #define DCCBOUNCE yes
| #define AUTOMODE yes
| #define UPTIME yes
| #define CHANLOG yes
| #define PRIVLOG yes
| #define ONCONNECT yes
| #define CTCPREPLIES yes
| #define ASCIIART yes
| #define QUICKLOG yes
| #define QLOGSTAMP yes
| #define INBOX yes
| #define ENDUSERDEBUG yes
| #define DUMPSTATUS yes
| #define STDC_HEADERS 1
| #define HAVE_SYS_TYPES_H 1
| #define HAVE_SYS_STAT_H 1
| #define HAVE_STDLIB_H 1
| #define HAVE_STRING_H 1
| #define HAVE_UNISTD_H 1
| #define HAVE_ARPA_INET_H 1
| #define HAVE_FCNTL_H 1
| #define HAVE_NETDB_H 1
| #define HAVE_NETINET_IN_H 1
| #define HAVE_STDLIB_H 1
| #define HAVE_STRING_H 1
| #define HAVE_SYS_SOCKET_H 1
| #define HAVE_SYS_TIME_H 1
| #define HAVE_UNISTD_H 1
| /* end confdefs.h.  */
| 
| /* Override any GCC internal prototype to avoid an error.
|    Use char because int might match the return type of a GCC
|    builtin and then its argument prototype would still apply.  */
| #ifdef __cplusplus
| extern "C"
| #endif
| char hstrerror ();
| int
| main ()
| {
| return hstrerror ();
|   ;
|   return 0;
| }
configure:4680: cc -o conftest -D_C99_SNPRINTF_EXTENSION -D_BSD_EXTENSION -DHAVE_SOCK_OPTS -DHAVE_SNPRINTF -g   conftest.c -lresolv   >&5
main: hstrerror is undefined
configure:4680: $? = 1
configure: failed program was:
| /* confdefs.h */
| #define PACKAGE_NAME "miau"
| #define PACKAGE_TARNAME "miau"
| #define PACKAGE_VERSION "0.6.6"
| #define PACKAGE_STRING "miau 0.6.6"
| #define PACKAGE_BUGREPORT ""
| #define PACKAGE_URL ""
| #define PACKAGE "miau"
| #define VERSION "0.6.6"
| #define VERSIONNAME "Scratching post"
| #define DCCBOUNCE yes
| #define AUTOMODE yes
| #define UPTIME yes
| #define CHANLOG yes
| #define PRIVLOG yes
| #define ONCONNECT yes
| #define CTCPREPLIES yes
| #define ASCIIART yes
| #define QUICKLOG yes
| #define QLOGSTAMP yes
| #define INBOX yes
| #define ENDUSERDEBUG yes
| #define DUMPSTATUS yes
| #define STDC_HEADERS 1
| #define HAVE_SYS_TYPES_H 1
| #define HAVE_SYS_STAT_H 1
| #define HAVE_STDLIB_H 1
| #define HAVE_STRING_H 1
| #define HAVE_UNISTD_H 1
| #define HAVE_ARPA_INET_H 1
| #define HAVE_FCNTL_H 1
| #define HAVE_NETDB_H 1
| #define HAVE_NETINET_IN_H 1
| #define HAVE_STDLIB_H 1
| #define HAVE_STRING_H 1
| #define HAVE_SYS_SOCKET_H 1
| #define HAVE_SYS_TIME_H 1
| #define HAVE_UNISTD_H 1
| /* end confdefs.h.  */
| 
| /* Override any GCC internal prototype to avoid an error.
|    Use char because int might match the return type of a GCC
|    builtin and then its argument prototype would still apply.  */
| #ifdef __cplusplus
| extern "C"
| #endif
| char hstrerror ();
| int
| main ()
| {
| return hstrerror ();
|   ;
|   return 0;
| }
configure:4697: result: no
configure:4705: checking for library containing crypt
configure:4736: cc -o conftest -D_C99_SNPRINTF_EXTENSION -D_BSD_EXTENSION -DHAVE_SOCK_OPTS -DHAVE_SNPRINTF -g   conftest.c  >&5
main: crypt is undefined
configure:4736: $? = 1
configure: failed program was:
| /* confdefs.h */
| #define PACKAGE_NAME "miau"
| #define PACKAGE_TARNAME "miau"
| #define PACKAGE_VERSION "0.6.6"
| #define PACKAGE_STRING "miau 0.6.6"
| #define PACKAGE_BUGREPORT ""
| #define PACKAGE_URL ""
| #define PACKAGE "miau"
| #define VERSION "0.6.6"
| #define VERSIONNAME "Scratching post"
| #define DCCBOUNCE yes
| #define AUTOMODE yes
| #define UPTIME yes
| #define CHANLOG yes
| #define PRIVLOG yes
| #define ONCONNECT yes
| #define CTCPREPLIES yes
| #define ASCIIART yes
| #define QUICKLOG yes
| #define QLOGSTAMP yes
| #define INBOX yes
| #define ENDUSERDEBUG yes
| #define DUMPSTATUS yes
| #define STDC_HEADERS 1
| #define HAVE_SYS_TYPES_H 1
| #define HAVE_SYS_STAT_H 1
| #define HAVE_STDLIB_H 1
| #define HAVE_STRING_H 1
| #define HAVE_UNISTD_H 1
| #define HAVE_ARPA_INET_H 1
| #define HAVE_FCNTL_H 1
| #define HAVE_NETDB_H 1
| #define HAVE_NETINET_IN_H 1
| #define HAVE_STDLIB_H 1
| #define HAVE_STRING_H 1
| #define HAVE_SYS_SOCKET_H 1
| #define HAVE_SYS_TIME_H 1
| #define HAVE_UNISTD_H 1
| /* end confdefs.h.  */
| 
| /* Override any GCC internal prototype to avoid an error.
|    Use char because int might match the return type of a GCC
|    builtin and then its argument prototype would still apply.  */
| #ifdef __cplusplus
| extern "C"
| #endif
| char crypt ();
| int
| main ()
| {
| return crypt ();
|   ;
|   return 0;
| }
configure:4736: cc -o conftest -D_C99_SNPRINTF_EXTENSION -D_BSD_EXTENSION -DHAVE_SOCK_OPTS -DHAVE_SNPRINTF -g   conftest.c -lcrypt   >&5
main: crypt is undefined
configure:4736: $? = 1
configure: failed program was:
| /* confdefs.h */
| #define PACKAGE_NAME "miau"
| #define PACKAGE_TARNAME "miau"
| #define PACKAGE_VERSION "0.6.6"
| #define PACKAGE_STRING "miau 0.6.6"
| #define PACKAGE_BUGREPORT ""
| #define PACKAGE_URL ""
| #define PACKAGE "miau"
| #define VERSION "0.6.6"
| #define VERSIONNAME "Scratching post"
| #define DCCBOUNCE yes
| #define AUTOMODE yes
| #define UPTIME yes
| #define CHANLOG yes
| #define PRIVLOG yes
| #define ONCONNECT yes
| #define CTCPREPLIES yes
| #define ASCIIART yes
| #define QUICKLOG yes
| #define QLOGSTAMP yes
| #define INBOX yes
| #define ENDUSERDEBUG yes
| #define DUMPSTATUS yes
| #define STDC_HEADERS 1
| #define HAVE_SYS_TYPES_H 1
| #define HAVE_SYS_STAT_H 1
| #define HAVE_STDLIB_H 1
| #define HAVE_STRING_H 1
| #define HAVE_UNISTD_H 1
| #define HAVE_ARPA_INET_H 1
| #define HAVE_FCNTL_H 1
| #define HAVE_NETDB_H 1
| #define HAVE_NETINET_IN_H 1
| #define HAVE_STDLIB_H 1
| #define HAVE_STRING_H 1
| #define HAVE_SYS_SOCKET_H 1
| #define HAVE_SYS_TIME_H 1
| #define HAVE_UNISTD_H 1
| /* end confdefs.h.  */
| 
| /* Override any GCC internal prototype to avoid an error.
|    Use char because int might match the return type of a GCC
|    builtin and then its argument prototype would still apply.  */
| #ifdef __cplusplus
| extern "C"
| #endif
| char crypt ();
| int
| main ()
| {
| return crypt ();
|   ;
|   return 0;
| }
configure:4753: result: no
configure:4763: checking for an ANSI C-conforming const
configure:4828: cc -c -D_C99_SNPRINTF_EXTENSION -D_BSD_EXTENSION -DHAVE_SOCK_OPTS -DHAVE_SNPRINTF -g  conftest.c >&5
configure:4828: $? = 0
configure:4835: result: yes
configure:4843: checking for inline
configure:4859: cc -c -D_C99_SNPRINTF_EXTENSION -D_BSD_EXTENSION -DHAVE_SOCK_OPTS -DHAVE_SNPRINTF -g  conftest.c >&5
configure:4859: $? = 0
configure:4867: result: inline
configure:4885: checking for pid_t
configure:4885: cc -c -D_C99_SNPRINTF_EXTENSION -D_BSD_EXTENSION -DHAVE_SOCK_OPTS -DHAVE_SNPRINTF -g  conftest.c >&5
configure:4885: $? = 0
configure:4885: cc -c -D_C99_SNPRINTF_EXTENSION -D_BSD_EXTENSION -DHAVE_SOCK_OPTS -DHAVE_SNPRINTF -g  conftest.c >&5
/usr/john/miau/conftest.c:76[stdin:889] syntax error, last name: pid_t
configure:4885: $? = 1
configure: failed program was:
| /* confdefs.h */
| #define PACKAGE_NAME "miau"
| #define PACKAGE_TARNAME "miau"
| #define PACKAGE_VERSION "0.6.6"
| #define PACKAGE_STRING "miau 0.6.6"
| #define PACKAGE_BUGREPORT ""
| #define PACKAGE_URL ""
| #define PACKAGE "miau"
| #define VERSION "0.6.6"
| #define VERSIONNAME "Scratching post"
| #define DCCBOUNCE yes
| #define AUTOMODE yes
| #define UPTIME yes
| #define CHANLOG yes
| #define PRIVLOG yes
| #define ONCONNECT yes
| #define CTCPREPLIES yes
| #define ASCIIART yes
| #define QUICKLOG yes
| #define QLOGSTAMP yes
| #define INBOX yes
| #define ENDUSERDEBUG yes
| #define DUMPSTATUS yes
| #define STDC_HEADERS 1
| #define HAVE_SYS_TYPES_H 1
| #define HAVE_SYS_STAT_H 1
| #define HAVE_STDLIB_H 1
| #define HAVE_STRING_H 1
| #define HAVE_UNISTD_H 1
| #define HAVE_ARPA_INET_H 1
| #define HAVE_FCNTL_H 1
| #define HAVE_NETDB_H 1
| #define HAVE_NETINET_IN_H 1
| #define HAVE_STDLIB_H 1
| #define HAVE_STRING_H 1
| #define HAVE_SYS_SOCKET_H 1
| #define HAVE_SYS_TIME_H 1
| #define HAVE_UNISTD_H 1
| /* end confdefs.h.  */
| #include <stdio.h>
| #ifdef HAVE_SYS_TYPES_H
| # include <sys/types.h>
| #endif
| #ifdef HAVE_SYS_STAT_H
| # include <sys/stat.h>
| #endif
| #ifdef STDC_HEADERS
| # include <stdlib.h>
| # include <stddef.h>
| #else
| # ifdef HAVE_STDLIB_H
| #  include <stdlib.h>
| # endif
| #endif
| #ifdef HAVE_STRING_H
| # if !defined STDC_HEADERS && defined HAVE_MEMORY_H
| #  include <memory.h>
| # endif
| # include <string.h>
| #endif
| #ifdef HAVE_STRINGS_H
| # include <strings.h>
| #endif
| #ifdef HAVE_INTTYPES_H
| # include <inttypes.h>
| #endif
| #ifdef HAVE_STDINT_H
| # include <stdint.h>
| #endif
| #ifdef HAVE_UNISTD_H
| # include <unistd.h>
| #endif
| int
| main ()
| {
| if (sizeof ((pid_t)))
| 	    return 0;
|   ;
|   return 0;
| }
configure:4885: result: yes
configure:4896: checking for size_t
configure:4896: cc -c -D_C99_SNPRINTF_EXTENSION -D_BSD_EXTENSION -DHAVE_SOCK_OPTS -DHAVE_SNPRINTF -g  conftest.c >&5
configure:4896: $? = 0
configure:4896: cc -c -D_C99_SNPRINTF_EXTENSION -D_BSD_EXTENSION -DHAVE_SOCK_OPTS -DHAVE_SNPRINTF -g  conftest.c >&5
/usr/john/miau/conftest.c:76[stdin:889] syntax error, last name: size_t
configure:4896: $? = 1
configure: failed program was:
| /* confdefs.h */
| #define PACKAGE_NAME "miau"
| #define PACKAGE_TARNAME "miau"
| #define PACKAGE_VERSION "0.6.6"
| #define PACKAGE_STRING "miau 0.6.6"
| #define PACKAGE_BUGREPORT ""
| #define PACKAGE_URL ""
| #define PACKAGE "miau"
| #define VERSION "0.6.6"
| #define VERSIONNAME "Scratching post"
| #define DCCBOUNCE yes
| #define AUTOMODE yes
| #define UPTIME yes
| #define CHANLOG yes
| #define PRIVLOG yes
| #define ONCONNECT yes
| #define CTCPREPLIES yes
| #define ASCIIART yes
| #define QUICKLOG yes
| #define QLOGSTAMP yes
| #define INBOX yes
| #define ENDUSERDEBUG yes
| #define DUMPSTATUS yes
| #define STDC_HEADERS 1
| #define HAVE_SYS_TYPES_H 1
| #define HAVE_SYS_STAT_H 1
| #define HAVE_STDLIB_H 1
| #define HAVE_STRING_H 1
| #define HAVE_UNISTD_H 1
| #define HAVE_ARPA_INET_H 1
| #define HAVE_FCNTL_H 1
| #define HAVE_NETDB_H 1
| #define HAVE_NETINET_IN_H 1
| #define HAVE_STDLIB_H 1
| #define HAVE_STRING_H 1
| #define HAVE_SYS_SOCKET_H 1
| #define HAVE_SYS_TIME_H 1
| #define HAVE_UNISTD_H 1
| /* end confdefs.h.  */
| #include <stdio.h>
| #ifdef HAVE_SYS_TYPES_H
| # include <sys/types.h>
| #endif
| #ifdef HAVE_SYS_STAT_H
| # include <sys/stat.h>
| #endif
| #ifdef STDC_HEADERS
| # include <stdlib.h>
| # include <stddef.h>
| #else
| # ifdef HAVE_STDLIB_H
| #  include <stdlib.h>
| # endif
| #endif
| #ifdef HAVE_STRING_H
| # if !defined STDC_HEADERS && defined HAVE_MEMORY_H
| #  include <memory.h>
| # endif
| # include <string.h>
| #endif
| #ifdef HAVE_STRINGS_H
| # include <strings.h>
| #endif
| #ifdef HAVE_INTTYPES_H
| # include <inttypes.h>
| #endif
| #ifdef HAVE_STDINT_H
| # include <stdint.h>
| #endif
| #ifdef HAVE_UNISTD_H
| # include <unistd.h>
| #endif
| int
| main ()
| {
| if (sizeof ((size_t)))
| 	    return 0;
|   ;
|   return 0;
| }
configure:4896: result: yes
configure:4907: checking for struct stat.st_blksize
configure:4907: cc -c -D_C99_SNPRINTF_EXTENSION -D_BSD_EXTENSION -DHAVE_SOCK_OPTS -DHAVE_SNPRINTF -g  conftest.c >&5
/usr/john/miau/conftest.c:77[stdin:890] not a member of struct/union: st_blksize
configure:4907: $? = 1
configure: failed program was:
| /* confdefs.h */
| #define PACKAGE_NAME "miau"
| #define PACKAGE_TARNAME "miau"
| #define PACKAGE_VERSION "0.6.6"
| #define PACKAGE_STRING "miau 0.6.6"
| #define PACKAGE_BUGREPORT ""
| #define PACKAGE_URL ""
| #define PACKAGE "miau"
| #define VERSION "0.6.6"
| #define VERSIONNAME "Scratching post"
| #define DCCBOUNCE yes
| #define AUTOMODE yes
| #define UPTIME yes
| #define CHANLOG yes
| #define PRIVLOG yes
| #define ONCONNECT yes
| #define CTCPREPLIES yes
| #define ASCIIART yes
| #define QUICKLOG yes
| #define QLOGSTAMP yes
| #define INBOX yes
| #define ENDUSERDEBUG yes
| #define DUMPSTATUS yes
| #define STDC_HEADERS 1
| #define HAVE_SYS_TYPES_H 1
| #define HAVE_SYS_STAT_H 1
| #define HAVE_STDLIB_H 1
| #define HAVE_STRING_H 1
| #define HAVE_UNISTD_H 1
| #define HAVE_ARPA_INET_H 1
| #define HAVE_FCNTL_H 1
| #define HAVE_NETDB_H 1
| #define HAVE_NETINET_IN_H 1
| #define HAVE_STDLIB_H 1
| #define HAVE_STRING_H 1
| #define HAVE_SYS_SOCKET_H 1
| #define HAVE_SYS_TIME_H 1
| #define HAVE_UNISTD_H 1
| /* end confdefs.h.  */
| #include <stdio.h>
| #ifdef HAVE_SYS_TYPES_H
| # include <sys/types.h>
| #endif
| #ifdef HAVE_SYS_STAT_H
| # include <sys/stat.h>
| #endif
| #ifdef STDC_HEADERS
| # include <stdlib.h>
| # include <stddef.h>
| #else
| # ifdef HAVE_STDLIB_H
| #  include <stdlib.h>
| # endif
| #endif
| #ifdef HAVE_STRING_H
| # if !defined STDC_HEADERS && defined HAVE_MEMORY_H
| #  include <memory.h>
| # endif
| # include <string.h>
| #endif
| #ifdef HAVE_STRINGS_H
| # include <strings.h>
| #endif
| #ifdef HAVE_INTTYPES_H
| # include <inttypes.h>
| #endif
| #ifdef HAVE_STDINT_H
| # include <stdint.h>
| #endif
| #ifdef HAVE_UNISTD_H
| # include <unistd.h>
| #endif
| int
| main ()
| {
| static struct stat ac_aggr;
| if (ac_aggr.st_blksize)
| return 0;
|   ;
|   return 0;
| }
configure:4907: cc -c -D_C99_SNPRINTF_EXTENSION -D_BSD_EXTENSION -DHAVE_SOCK_OPTS -DHAVE_SNPRINTF -g  conftest.c >&5
/usr/john/miau/conftest.c:77[stdin:890] not a member of struct/union: st_blksize
configure:4907: $? = 1
configure: failed program was:
| /* confdefs.h */
| #define PACKAGE_NAME "miau"
| #define PACKAGE_TARNAME "miau"
| #define PACKAGE_VERSION "0.6.6"
| #define PACKAGE_STRING "miau 0.6.6"
| #define PACKAGE_BUGREPORT ""
| #define PACKAGE_URL ""
| #define PACKAGE "miau"
| #define VERSION "0.6.6"
| #define VERSIONNAME "Scratching post"
| #define DCCBOUNCE yes
| #define AUTOMODE yes
| #define UPTIME yes
| #define CHANLOG yes
| #define PRIVLOG yes
| #define ONCONNECT yes
| #define CTCPREPLIES yes
| #define ASCIIART yes
| #define QUICKLOG yes
| #define QLOGSTAMP yes
| #define INBOX yes
| #define ENDUSERDEBUG yes
| #define DUMPSTATUS yes
| #define STDC_HEADERS 1
| #define HAVE_SYS_TYPES_H 1
| #define HAVE_SYS_STAT_H 1
| #define HAVE_STDLIB_H 1
| #define HAVE_STRING_H 1
| #define HAVE_UNISTD_H 1
| #define HAVE_ARPA_INET_H 1
| #define HAVE_FCNTL_H 1
| #define HAVE_NETDB_H 1
| #define HAVE_NETINET_IN_H 1
| #define HAVE_STDLIB_H 1
| #define HAVE_STRING_H 1
| #define HAVE_SYS_SOCKET_H 1
| #define HAVE_SYS_TIME_H 1
| #define HAVE_UNISTD_H 1
| /* end confdefs.h.  */
| #include <stdio.h>
| #ifdef HAVE_SYS_TYPES_H
| # include <sys/types.h>
| #endif
| #ifdef HAVE_SYS_STAT_H
| # include <sys/stat.h>
| #endif
| #ifdef STDC_HEADERS
| # include <stdlib.h>
| # include <stddef.h>
| #else
| # ifdef HAVE_STDLIB_H
| #  include <stdlib.h>
| # endif
| #endif
| #ifdef HAVE_STRING_H
| # if !defined STDC_HEADERS && defined HAVE_MEMORY_H
| #  include <memory.h>
| # endif
| # include <string.h>
| #endif
| #ifdef HAVE_STRINGS_H
| # include <strings.h>
| #endif
| #ifdef HAVE_INTTYPES_H
| # include <inttypes.h>
| #endif
| #ifdef HAVE_STDINT_H
| # include <stdint.h>
| #endif
| #ifdef HAVE_UNISTD_H
| # include <unistd.h>
| #endif
| int
| main ()
| {
| static struct stat ac_aggr;
| if (sizeof ac_aggr.st_blksize)
| return 0;
|   ;
|   return 0;
| }
configure:4907: result: no
configure:4917: checking for struct stat.st_blocks
configure:4917: cc -c -D_C99_SNPRINTF_EXTENSION -D_BSD_EXTENSION -DHAVE_SOCK_OPTS -DHAVE_SNPRINTF -g  conftest.c >&5
/usr/john/miau/conftest.c:77[stdin:890] not a member of struct/union: st_blocks
configure:4917: $? = 1
configure: failed program was:
| /* confdefs.h */
| #define PACKAGE_NAME "miau"
| #define PACKAGE_TARNAME "miau"
| #define PACKAGE_VERSION "0.6.6"
| #define PACKAGE_STRING "miau 0.6.6"
| #define PACKAGE_BUGREPORT ""
| #define PACKAGE_URL ""
| #define PACKAGE "miau"
| #define VERSION "0.6.6"
| #define VERSIONNAME "Scratching post"
| #define DCCBOUNCE yes
| #define AUTOMODE yes
| #define UPTIME yes
| #define CHANLOG yes
| #define PRIVLOG yes
| #define ONCONNECT yes
| #define CTCPREPLIES yes
| #define ASCIIART yes
| #define QUICKLOG yes
| #define QLOGSTAMP yes
| #define INBOX yes
| #define ENDUSERDEBUG yes
| #define DUMPSTATUS yes
| #define STDC_HEADERS 1
| #define HAVE_SYS_TYPES_H 1
| #define HAVE_SYS_STAT_H 1
| #define HAVE_STDLIB_H 1
| #define HAVE_STRING_H 1
| #define HAVE_UNISTD_H 1
| #define HAVE_ARPA_INET_H 1
| #define HAVE_FCNTL_H 1
| #define HAVE_NETDB_H 1
| #define HAVE_NETINET_IN_H 1
| #define HAVE_STDLIB_H 1
| #define HAVE_STRING_H 1
| #define HAVE_SYS_SOCKET_H 1
| #define HAVE_SYS_TIME_H 1
| #define HAVE_UNISTD_H 1
| /* end confdefs.h.  */
| #include <stdio.h>
| #ifdef HAVE_SYS_TYPES_H
| # include <sys/types.h>
| #endif
| #ifdef HAVE_SYS_STAT_H
| # include <sys/stat.h>
| #endif
| #ifdef STDC_HEADERS
| # include <stdlib.h>
| # include <stddef.h>
| #else
| # ifdef HAVE_STDLIB_H
| #  include <stdlib.h>
| # endif
| #endif
| #ifdef HAVE_STRING_H
| # if !defined STDC_HEADERS && defined HAVE_MEMORY_H
| #  include <memory.h>
| # endif
| # include <string.h>
| #endif
| #ifdef HAVE_STRINGS_H
| # include <strings.h>
| #endif
| #ifdef HAVE_INTTYPES_H
| # include <inttypes.h>
| #endif
| #ifdef HAVE_STDINT_H
| # include <stdint.h>
| #endif
| #ifdef HAVE_UNISTD_H
| # include <unistd.h>
| #endif
| int
| main ()
| {
| static struct stat ac_aggr;
| if (ac_aggr.st_blocks)
| return 0;
|   ;
|   return 0;
| }
configure:4917: cc -c -D_C99_SNPRINTF_EXTENSION -D_BSD_EXTENSION -DHAVE_SOCK_OPTS -DHAVE_SNPRINTF -g  conftest.c >&5
/usr/john/miau/conftest.c:77[stdin:890] not a member of struct/union: st_blocks
configure:4917: $? = 1
configure: failed program was:
| /* confdefs.h */
| #define PACKAGE_NAME "miau"
| #define PACKAGE_TARNAME "miau"
| #define PACKAGE_VERSION "0.6.6"
| #define PACKAGE_STRING "miau 0.6.6"
| #define PACKAGE_BUGREPORT ""
| #define PACKAGE_URL ""
| #define PACKAGE "miau"
| #define VERSION "0.6.6"
| #define VERSIONNAME "Scratching post"
| #define DCCBOUNCE yes
| #define AUTOMODE yes
| #define UPTIME yes
| #define CHANLOG yes
| #define PRIVLOG yes
| #define ONCONNECT yes
| #define CTCPREPLIES yes
| #define ASCIIART yes
| #define QUICKLOG yes
| #define QLOGSTAMP yes
| #define INBOX yes
| #define ENDUSERDEBUG yes
| #define DUMPSTATUS yes
| #define STDC_HEADERS 1
| #define HAVE_SYS_TYPES_H 1
| #define HAVE_SYS_STAT_H 1
| #define HAVE_STDLIB_H 1
| #define HAVE_STRING_H 1
| #define HAVE_UNISTD_H 1
| #define HAVE_ARPA_INET_H 1
| #define HAVE_FCNTL_H 1
| #define HAVE_NETDB_H 1
| #define HAVE_NETINET_IN_H 1
| #define HAVE_STDLIB_H 1
| #define HAVE_STRING_H 1
| #define HAVE_SYS_SOCKET_H 1
| #define HAVE_SYS_TIME_H 1
| #define HAVE_UNISTD_H 1
| /* end confdefs.h.  */
| #include <stdio.h>
| #ifdef HAVE_SYS_TYPES_H
| # include <sys/types.h>
| #endif
| #ifdef HAVE_SYS_STAT_H
| # include <sys/stat.h>
| #endif
| #ifdef STDC_HEADERS
| # include <stdlib.h>
| # include <stddef.h>
| #else
| # ifdef HAVE_STDLIB_H
| #  include <stdlib.h>
| # endif
| #endif
| #ifdef HAVE_STRING_H
| # if !defined STDC_HEADERS && defined HAVE_MEMORY_H
| #  include <memory.h>
| # endif
| # include <string.h>
| #endif
| #ifdef HAVE_STRINGS_H
| # include <strings.h>
| #endif
| #ifdef HAVE_INTTYPES_H
| # include <inttypes.h>
| #endif
| #ifdef HAVE_STDINT_H
| # include <stdint.h>
| #endif
| #ifdef HAVE_UNISTD_H
| # include <unistd.h>
| #endif
| int
| main ()
| {
| static struct stat ac_aggr;
| if (sizeof ac_aggr.st_blocks)
| return 0;
|   ;
|   return 0;
| }
configure:4917: result: no
configure:4937: checking whether time.h and sys/time.h may both be included
configure:4957: cc -c -D_C99_SNPRINTF_EXTENSION -D_BSD_EXTENSION -DHAVE_SOCK_OPTS -DHAVE_SNPRINTF -g  conftest.c >&5
configure:4957: $? = 0
configure:4964: result: yes
configure:4972: checking whether struct tm is in sys/time.h or time.h
configure:4992: cc -c -D_C99_SNPRINTF_EXTENSION -D_BSD_EXTENSION -DHAVE_SOCK_OPTS -DHAVE_SNPRINTF -g  conftest.c >&5
configure:4992: $? = 0
configure:4999: result: time.h
configure:5007: checking for stdbool.h that conforms to C99
configure:5092: cc -c -D_C99_SNPRINTF_EXTENSION -D_BSD_EXTENSION -DHAVE_SOCK_OPTS -DHAVE_SNPRINTF -g  conftest.c >&5
/usr/john/miau/conftest.c:43[stdin:44] syntax error, last name: "<string>"
configure:5092: $? = 1
configure: failed program was:
| /* confdefs.h */
| #define PACKAGE_NAME "miau"
| #define PACKAGE_TARNAME "miau"
| #define PACKAGE_VERSION "0.6.6"
| #define PACKAGE_STRING "miau 0.6.6"
| #define PACKAGE_BUGREPORT ""
| #define PACKAGE_URL ""
| #define PACKAGE "miau"
| #define VERSION "0.6.6"
| #define VERSIONNAME "Scratching post"
| #define DCCBOUNCE yes
| #define AUTOMODE yes
| #define UPTIME yes
| #define CHANLOG yes
| #define PRIVLOG yes
| #define ONCONNECT yes
| #define CTCPREPLIES yes
| #define ASCIIART yes
| #define QUICKLOG yes
| #define QLOGSTAMP yes
| #define INBOX yes
| #define ENDUSERDEBUG yes
| #define DUMPSTATUS yes
| #define STDC_HEADERS 1
| #define HAVE_SYS_TYPES_H 1
| #define HAVE_SYS_STAT_H 1
| #define HAVE_STDLIB_H 1
| #define HAVE_STRING_H 1
| #define HAVE_UNISTD_H 1
| #define HAVE_ARPA_INET_H 1
| #define HAVE_FCNTL_H 1
| #define HAVE_NETDB_H 1
| #define HAVE_NETINET_IN_H 1
| #define HAVE_STDLIB_H 1
| #define HAVE_STRING_H 1
| #define HAVE_SYS_SOCKET_H 1
| #define HAVE_SYS_TIME_H 1
| #define HAVE_UNISTD_H 1
| #define TIME_WITH_SYS_TIME 1
| /* end confdefs.h.  */
| 
| #include <stdbool.h>
| #ifndef bool
|  "error: bool is not defined"
| #endif
| #ifndef false
|  "error: false is not defined"
| #endif
| #if false
|  "error: false is not 0"
| #endif
| #ifndef true
|  "error: true is not defined"
| #endif
| #if true != 1
|  "error: true is not 1"
| #endif
| #ifndef __bool_true_false_are_defined
|  "error: __bool_true_false_are_defined is not defined"
| #endif
| 
| 	struct s { _Bool s: 1; _Bool t; } s;
| 
| 	char a[true == 1 ? 1 : -1];
| 	char b[false == 0 ? 1 : -1];
| 	char c[__bool_true_false_are_defined == 1 ? 1 : -1];
| 	char d[(bool) 0.5 == true ? 1 : -1];
| 	bool e = &s;
| 	char f[(_Bool) 0.0 == false ? 1 : -1];
| 	char g[true];
| 	char h[sizeof (_Bool)];
| 	char i[sizeof s.t];
| 	enum { j = false, k = true, l = false * true, m = true * 256 };
| 	/* The following fails for
| 	   HP aC++/ANSI C B3910B A.05.55 [Dec 04 2003]. */
| 	_Bool n[m];
| 	char o[sizeof n == m * sizeof n[0] ? 1 : -1];
| 	char p[-1 - (_Bool) 0 < 0 && -1 - (bool) 0 < 0 ? 1 : -1];
| #	if defined __xlc__ || defined __GNUC__
| 	 /* Catch a bug in IBM AIX xlc compiler version 6.0.0.0
| 	    reported by James Lemley on 2005-10-05; see
| 	    http://lists.gnu.org/archive/html/bug-coreutils/2005-10/msg00086.html
| 	    This test is not quite right, since xlc is allowed to
| 	    reject this program, as the initializer for xlcbug is
| 	    not one of the forms that C requires support for.
| 	    However, doing the test right would require a runtime
| 	    test, and that would make cross-compilation harder.
| 	    Let us hope that IBM fixes the xlc bug, and also adds
| 	    support for this kind of constant expression.  In the
| 	    meantime, this test will reject xlc, which is OK, since
| 	    our stdbool.h substitute should suffice.  We also test
| 	    this with GCC, where it should work, to detect more
| 	    quickly whether someone messes up the test in the
| 	    future.  */
| 	 char digs[] = "0123456789";
| 	 int xlcbug = 1 / (&(digs + 5)[-2 + (bool) 1] == &digs[4] ? 1 : -1);
| #	endif
| 	/* Catch a bug in an HP-UX C compiler.  See
| 	   http://gcc.gnu.org/ml/gcc-patches/2003-12/msg02303.html
| 	   http://lists.gnu.org/archive/html/bug-coreutils/2005-11/msg00161.html
| 	 */
| 	_Bool q = true;
| 	_Bool *pq = &q;
| 
| int
| main ()
| {
| 
| 	*pq |= q;
| 	*pq |= ! q;
| 	/* Refer to every declared value, to avoid compiler optimizations.  */
| 	return (!a + !b + !c + !d + !e + !f + !g + !h + !i + !!j + !k + !!l
| 		+ !m + !n + !o + !p + !q + !pq);
| 
|   ;
|   return 0;
| }
configure:5099: result: no
configure:5101: checking for _Bool
configure:5101: cc -c -D_C99_SNPRINTF_EXTENSION -D_BSD_EXTENSION -DHAVE_SOCK_OPTS -DHAVE_SNPRINTF -g  conftest.c >&5
/usr/john/miau/conftest.c:77[stdin:890] name not declared: _Bool
configure:5101: $? = 1
configure: failed program was:
| /* confdefs.h */
| #define PACKAGE_NAME "miau"
| #define PACKAGE_TARNAME "miau"
| #define PACKAGE_VERSION "0.6.6"
| #define PACKAGE_STRING "miau 0.6.6"
| #define PACKAGE_BUGREPORT ""
| #define PACKAGE_URL ""
| #define PACKAGE "miau"
| #define VERSION "0.6.6"
| #define VERSIONNAME "Scratching post"
| #define DCCBOUNCE yes
| #define AUTOMODE yes
| #define UPTIME yes
| #define CHANLOG yes
| #define PRIVLOG yes
| #define ONCONNECT yes
| #define CTCPREPLIES yes
| #define ASCIIART yes
| #define QUICKLOG yes
| #define QLOGSTAMP yes
| #define INBOX yes
| #define ENDUSERDEBUG yes
| #define DUMPSTATUS yes
| #define STDC_HEADERS 1
| #define HAVE_SYS_TYPES_H 1
| #define HAVE_SYS_STAT_H 1
| #define HAVE_STDLIB_H 1
| #define HAVE_STRING_H 1
| #define HAVE_UNISTD_H 1
| #define HAVE_ARPA_INET_H 1
| #define HAVE_FCNTL_H 1
| #define HAVE_NETDB_H 1
| #define HAVE_NETINET_IN_H 1
| #define HAVE_STDLIB_H 1
| #define HAVE_STRING_H 1
| #define HAVE_SYS_SOCKET_H 1
| #define HAVE_SYS_TIME_H 1
| #define HAVE_UNISTD_H 1
| #define TIME_WITH_SYS_TIME 1
| /* end confdefs.h.  */
| #include <stdio.h>
| #ifdef HAVE_SYS_TYPES_H
| # include <sys/types.h>
| #endif
| #ifdef HAVE_SYS_STAT_H
| # include <sys/stat.h>
| #endif
| #ifdef STDC_HEADERS
| # include <stdlib.h>
| # include <stddef.h>
| #else
| # ifdef HAVE_STDLIB_H
| #  include <stdlib.h>
| # endif
| #endif
| #ifdef HAVE_STRING_H
| # if !defined STDC_HEADERS && defined HAVE_MEMORY_H
| #  include <memory.h>
| # endif
| # include <string.h>
| #endif
| #ifdef HAVE_STRINGS_H
| # include <strings.h>
| #endif
| #ifdef HAVE_INTTYPES_H
| # include <inttypes.h>
| #endif
| #ifdef HAVE_STDINT_H
| # include <stdint.h>
| #endif
| #ifdef HAVE_UNISTD_H
| # include <unistd.h>
| #endif
| int
| main ()
| {
| if (sizeof (_Bool))
| 	 return 0;
|   ;
|   return 0;
| }
configure:5101: result: no
configure:5153: checking for error_at_line
configure:5169: cc -o conftest -D_C99_SNPRINTF_EXTENSION -D_BSD_EXTENSION -DHAVE_SOCK_OPTS -DHAVE_SNPRINTF -g   conftest.c  >&5
/sys/include/ape/error.h:4[stdin:46] not a function
/sys/include/ape/error.h:4[stdin:46] syntax error, last name: header
configure:5169: $? = 1
configure: failed program was:
| /* confdefs.h */
| #define PACKAGE_NAME "miau"
| #define PACKAGE_TARNAME "miau"
| #define PACKAGE_VERSION "0.6.6"
| #define PACKAGE_STRING "miau 0.6.6"
| #define PACKAGE_BUGREPORT ""
| #define PACKAGE_URL ""
| #define PACKAGE "miau"
| #define VERSION "0.6.6"
| #define VERSIONNAME "Scratching post"
| #define DCCBOUNCE yes
| #define AUTOMODE yes
| #define UPTIME yes
| #define CHANLOG yes
| #define PRIVLOG yes
| #define ONCONNECT yes
| #define CTCPREPLIES yes
| #define ASCIIART yes
| #define QUICKLOG yes
| #define QLOGSTAMP yes
| #define INBOX yes
| #define ENDUSERDEBUG yes
| #define DUMPSTATUS yes
| #define STDC_HEADERS 1
| #define HAVE_SYS_TYPES_H 1
| #define HAVE_SYS_STAT_H 1
| #define HAVE_STDLIB_H 1
| #define HAVE_STRING_H 1
| #define HAVE_UNISTD_H 1
| #define HAVE_ARPA_INET_H 1
| #define HAVE_FCNTL_H 1
| #define HAVE_NETDB_H 1
| #define HAVE_NETINET_IN_H 1
| #define HAVE_STDLIB_H 1
| #define HAVE_STRING_H 1
| #define HAVE_SYS_SOCKET_H 1
| #define HAVE_SYS_TIME_H 1
| #define HAVE_UNISTD_H 1
| #define TIME_WITH_SYS_TIME 1
| /* end confdefs.h.  */
| #include <error.h>
| int
| main ()
| {
| error_at_line (0, 0, "", 0, "an error occurred");
|   ;
|   return 0;
| }
configure:5177: result: no
configure:5190: checking vfork.h usability
configure:5190: cc -c -D_C99_SNPRINTF_EXTENSION -D_BSD_EXTENSION -DHAVE_SOCK_OPTS -DHAVE_SNPRINTF -g  conftest.c >&5
configure:5190: $? = 1
configure: failed program was:
| /* confdefs.h */
| #define PACKAGE_NAME "miau"
| #define PACKAGE_TARNAME "miau"
| #define PACKAGE_VERSION "0.6.6"
| #define PACKAGE_STRING "miau 0.6.6"
| #define PACKAGE_BUGREPORT ""
| #define PACKAGE_URL ""
| #define PACKAGE "miau"
| #define VERSION "0.6.6"
| #define VERSIONNAME "Scratching post"
| #define DCCBOUNCE yes
| #define AUTOMODE yes
| #define UPTIME yes
| #define CHANLOG yes
| #define PRIVLOG yes
| #define ONCONNECT yes
| #define CTCPREPLIES yes
| #define ASCIIART yes
| #define QUICKLOG yes
| #define QLOGSTAMP yes
| #define INBOX yes
| #define ENDUSERDEBUG yes
| #define DUMPSTATUS yes
| #define STDC_HEADERS 1
| #define HAVE_SYS_TYPES_H 1
| #define HAVE_SYS_STAT_H 1
| #define HAVE_STDLIB_H 1
| #define HAVE_STRING_H 1
| #define HAVE_UNISTD_H 1
| #define HAVE_ARPA_INET_H 1
| #define HAVE_FCNTL_H 1
| #define HAVE_NETDB_H 1
| #define HAVE_NETINET_IN_H 1
| #define HAVE_STDLIB_H 1
| #define HAVE_STRING_H 1
| #define HAVE_SYS_SOCKET_H 1
| #define HAVE_SYS_TIME_H 1
| #define HAVE_UNISTD_H 1
| #define TIME_WITH_SYS_TIME 1
| /* end confdefs.h.  */
| #include <stdio.h>
| #ifdef HAVE_SYS_TYPES_H
| # include <sys/types.h>
| #endif
| #ifdef HAVE_SYS_STAT_H
| # include <sys/stat.h>
| #endif
| #ifdef STDC_HEADERS
| # include <stdlib.h>
| # include <stddef.h>
| #else
| # ifdef HAVE_STDLIB_H
| #  include <stdlib.h>
| # endif
| #endif
| #ifdef HAVE_STRING_H
| # if !defined STDC_HEADERS && defined HAVE_MEMORY_H
| #  include <memory.h>
| # endif
| # include <string.h>
| #endif
| #ifdef HAVE_STRINGS_H
| # include <strings.h>
| #endif
| #ifdef HAVE_INTTYPES_H
| # include <inttypes.h>
| #endif
| #ifdef HAVE_STDINT_H
| # include <stdint.h>
| #endif
| #ifdef HAVE_UNISTD_H
| # include <unistd.h>
| #endif
| #include <vfork.h>
configure:5190: result: no
configure:5190: checking vfork.h presence
configure:5190: cc -E  conftest.c
configure:5190: $? = 1
configure: failed program was:
| /* confdefs.h */
| #define PACKAGE_NAME "miau"
| #define PACKAGE_TARNAME "miau"
| #define PACKAGE_VERSION "0.6.6"
| #define PACKAGE_STRING "miau 0.6.6"
| #define PACKAGE_BUGREPORT ""
| #define PACKAGE_URL ""
| #define PACKAGE "miau"
| #define VERSION "0.6.6"
| #define VERSIONNAME "Scratching post"
| #define DCCBOUNCE yes
| #define AUTOMODE yes
| #define UPTIME yes
| #define CHANLOG yes
| #define PRIVLOG yes
| #define ONCONNECT yes
| #define CTCPREPLIES yes
| #define ASCIIART yes
| #define QUICKLOG yes
| #define QLOGSTAMP yes
| #define INBOX yes
| #define ENDUSERDEBUG yes
| #define DUMPSTATUS yes
| #define STDC_HEADERS 1
| #define HAVE_SYS_TYPES_H 1
| #define HAVE_SYS_STAT_H 1
| #define HAVE_STDLIB_H 1
| #define HAVE_STRING_H 1
| #define HAVE_UNISTD_H 1
| #define HAVE_ARPA_INET_H 1
| #define HAVE_FCNTL_H 1
| #define HAVE_NETDB_H 1
| #define HAVE_NETINET_IN_H 1
| #define HAVE_STDLIB_H 1
| #define HAVE_STRING_H 1
| #define HAVE_SYS_SOCKET_H 1
| #define HAVE_SYS_TIME_H 1
| #define HAVE_UNISTD_H 1
| #define TIME_WITH_SYS_TIME 1
| /* end confdefs.h.  */
| #include <vfork.h>
configure:5190: result: no
configure:5190: checking for vfork.h
configure:5190: result: no
configure:5203: checking for fork
configure:5203: cc -o conftest -D_C99_SNPRINTF_EXTENSION -D_BSD_EXTENSION -DHAVE_SOCK_OPTS -DHAVE_SNPRINTF -g   conftest.c  >&5
configure:5203: $? = 0
configure:5203: result: yes
configure:5203: checking for vfork
configure:5203: cc -o conftest -D_C99_SNPRINTF_EXTENSION -D_BSD_EXTENSION -DHAVE_SOCK_OPTS -DHAVE_SNPRINTF -g   conftest.c  >&5
main: vfork is undefined
configure:5203: $? = 1
configure: failed program was:
| /* confdefs.h */
| #define PACKAGE_NAME "miau"
| #define PACKAGE_TARNAME "miau"
| #define PACKAGE_VERSION "0.6.6"
| #define PACKAGE_STRING "miau 0.6.6"
| #define PACKAGE_BUGREPORT ""
| #define PACKAGE_URL ""
| #define PACKAGE "miau"
| #define VERSION "0.6.6"
| #define VERSIONNAME "Scratching post"
| #define DCCBOUNCE yes
| #define AUTOMODE yes
| #define UPTIME yes
| #define CHANLOG yes
| #define PRIVLOG yes
| #define ONCONNECT yes
| #define CTCPREPLIES yes
| #define ASCIIART yes
| #define QUICKLOG yes
| #define QLOGSTAMP yes
| #define INBOX yes
| #define ENDUSERDEBUG yes
| #define DUMPSTATUS yes
| #define STDC_HEADERS 1
| #define HAVE_SYS_TYPES_H 1
| #define HAVE_SYS_STAT_H 1
| #define HAVE_STDLIB_H 1
| #define HAVE_STRING_H 1
| #define HAVE_UNISTD_H 1
| #define HAVE_ARPA_INET_H 1
| #define HAVE_FCNTL_H 1
| #define HAVE_NETDB_H 1
| #define HAVE_NETINET_IN_H 1
| #define HAVE_STDLIB_H 1
| #define HAVE_STRING_H 1
| #define HAVE_SYS_SOCKET_H 1
| #define HAVE_SYS_TIME_H 1
| #define HAVE_UNISTD_H 1
| #define TIME_WITH_SYS_TIME 1
| #define HAVE_FORK 1
| /* end confdefs.h.  */
| /* Define vfork to an innocuous variant, in case <limits.h> declares vfork.
|    For example, HP-UX 11i <limits.h> declares gettimeofday.  */
| #define vfork innocuous_vfork
| 
| /* System header to define __stub macros and hopefully few prototypes,
|     which can conflict with char vfork (); below.
|     Prefer <limits.h> to <assert.h> if __STDC__ is defined, since
|     <limits.h> exists even on freestanding compilers.  */
| 
| #ifdef __STDC__
| # include <limits.h>
| #else
| # include <assert.h>
| #endif
| 
| #undef vfork
| 
| /* Override any GCC internal prototype to avoid an error.
|    Use char because int might match the return type of a GCC
|    builtin and then its argument prototype would still apply.  */
| #ifdef __cplusplus
| extern "C"
| #endif
| char vfork ();
| /* The GNU C library defines this for functions which it implements
|     to always fail with ENOSYS.  Some functions are actually named
|     something starting with __ and the normal name is an alias.  */
| #if defined __stub_vfork || defined __stub___vfork
| choke me
| #endif
| 
| int
| main ()
| {
| return vfork ();
|   ;
|   return 0;
| }
configure:5203: result: no
configure:5213: checking for working fork
configure:5235: cc -o conftest -D_C99_SNPRINTF_EXTENSION -D_BSD_EXTENSION -DHAVE_SOCK_OPTS -DHAVE_SNPRINTF -g   conftest.c  >&5
configure:5235: $? = 0
configure:5235: ./conftest
configure:5235: $? = 0
configure:5245: result: yes
configure:5401: checking whether lstat correctly handles trailing slash
configure:5427: cc -o conftest -D_C99_SNPRINTF_EXTENSION -D_BSD_EXTENSION -DHAVE_SOCK_OPTS -DHAVE_SNPRINTF -g   conftest.c  >&5
configure:5427: $? = 0
configure:5427: ./conftest
configure:5427: $? = 0
configure:5444: result: yes
configure:5463: checking whether lstat accepts an empty string
configure:5483: cc -o conftest -D_C99_SNPRINTF_EXTENSION -D_BSD_EXTENSION -DHAVE_SOCK_OPTS -DHAVE_SNPRINTF -g   conftest.c  >&5
configure:5483: $? = 0
configure:5483: ./conftest
configure:5483: $? = 0
configure:5493: result: no
configure:5509: checking whether lstat correctly handles trailing slash
configure:5552: result: yes
configure:5573: checking for stdlib.h
configure:5573: result: yes
configure:5583: checking for GNU libc compatible malloc
configure:5607: cc -o conftest -D_C99_SNPRINTF_EXTENSION -D_BSD_EXTENSION -DHAVE_SOCK_OPTS -DHAVE_SNPRINTF -g   conftest.c  >&5
configure:5607: $? = 0
configure:5607: ./conftest
configure:5607: $? = 0
configure:5617: result: yes
configure:5640: checking for stdlib.h
configure:5640: result: yes
configure:5650: checking for GNU libc compatible realloc
configure:5674: cc -o conftest -D_C99_SNPRINTF_EXTENSION -D_BSD_EXTENSION -DHAVE_SOCK_OPTS -DHAVE_SNPRINTF -g   conftest.c  >&5
configure:5674: $? = 0
configure:5674: ./conftest
configure:5674: $? = 0
configure:5684: result: yes
configure:5708: checking sys/select.h usability
configure:5708: cc -c -D_C99_SNPRINTF_EXTENSION -D_BSD_EXTENSION -DHAVE_SOCK_OPTS -DHAVE_SNPRINTF -g  conftest.c >&5
configure:5708: $? = 0
configure:5708: result: yes
configure:5708: checking sys/select.h presence
configure:5708: cc -E  conftest.c
configure:5708: $? = 0
configure:5708: result: yes
configure:5708: checking for sys/select.h
configure:5708: result: yes
configure:5708: checking for sys/socket.h
configure:5708: result: yes
configure:5718: checking types of arguments for select
configure:5746: cc -c -D_C99_SNPRINTF_EXTENSION -D_BSD_EXTENSION -DHAVE_SOCK_OPTS -DHAVE_SNPRINTF -g  conftest.c >&5
configure:5746: $? = 0
configure:5757: result: int,fd_set *,struct timeval *
configure:5787: checking whether stat accepts an empty string
configure:5807: cc -o conftest -D_C99_SNPRINTF_EXTENSION -D_BSD_EXTENSION -DHAVE_SOCK_OPTS -DHAVE_SNPRINTF -g   conftest.c  >&5
configure:5807: $? = 0
configure:5807: ./conftest
configure:5807: $? = 0
configure:5817: result: no
configure:5835: checking for strftime
configure:5835: cc -o conftest -D_C99_SNPRINTF_EXTENSION -D_BSD_EXTENSION -DHAVE_SOCK_OPTS -DHAVE_SNPRINTF -g   conftest.c  >&5
configure:5835: $? = 0
configure:5835: result: yes
configure:5890: checking for vprintf
configure:5890: cc -o conftest -D_C99_SNPRINTF_EXTENSION -D_BSD_EXTENSION -DHAVE_SOCK_OPTS -DHAVE_SNPRINTF -g   conftest.c  >&5
configure:5890: $? = 0
configure:5890: result: yes
configure:5896: checking for _doprnt
configure:5896: cc -o conftest -D_C99_SNPRINTF_EXTENSION -D_BSD_EXTENSION -DHAVE_SOCK_OPTS -DHAVE_SNPRINTF -g   conftest.c  >&5
main: _doprnt is undefined
configure:5896: $? = 1
configure: failed program was:
| /* confdefs.h */
| #define PACKAGE_NAME "miau"
| #define PACKAGE_TARNAME "miau"
| #define PACKAGE_VERSION "0.6.6"
| #define PACKAGE_STRING "miau 0.6.6"
| #define PACKAGE_BUGREPORT ""
| #define PACKAGE_URL ""
| #define PACKAGE "miau"
| #define VERSION "0.6.6"
| #define VERSIONNAME "Scratching post"
| #define DCCBOUNCE yes
| #define AUTOMODE yes
| #define UPTIME yes
| #define CHANLOG yes
| #define PRIVLOG yes
| #define ONCONNECT yes
| #define CTCPREPLIES yes
| #define ASCIIART yes
| #define QUICKLOG yes
| #define QLOGSTAMP yes
| #define INBOX yes
| #define ENDUSERDEBUG yes
| #define DUMPSTATUS yes
| #define STDC_HEADERS 1
| #define HAVE_SYS_TYPES_H 1
| #define HAVE_SYS_STAT_H 1
| #define HAVE_STDLIB_H 1
| #define HAVE_STRING_H 1
| #define HAVE_UNISTD_H 1
| #define HAVE_ARPA_INET_H 1
| #define HAVE_FCNTL_H 1
| #define HAVE_NETDB_H 1
| #define HAVE_NETINET_IN_H 1
| #define HAVE_STDLIB_H 1
| #define HAVE_STRING_H 1
| #define HAVE_SYS_SOCKET_H 1
| #define HAVE_SYS_TIME_H 1
| #define HAVE_UNISTD_H 1
| #define TIME_WITH_SYS_TIME 1
| #define HAVE_FORK 1
| #define vfork fork
| #define HAVE_WORKING_FORK 1
| #define LSTAT_FOLLOWS_SLASHED_SYMLINK 1
| #define LSTAT_FOLLOWS_SLASHED_SYMLINK 1
| #define HAVE_STDLIB_H 1
| #define HAVE_MALLOC 1
| #define HAVE_STDLIB_H 1
| #define HAVE_REALLOC 1
| #define HAVE_SYS_SELECT_H 1
| #define HAVE_SYS_SOCKET_H 1
| #define SELECT_TYPE_ARG1 int
| #define SELECT_TYPE_ARG234 (fd_set *)
| #define SELECT_TYPE_ARG5 (struct timeval *)
| #define HAVE_STRFTIME 1
| #define HAVE_VPRINTF 1
| /* end confdefs.h.  */
| /* Define _doprnt to an innocuous variant, in case <limits.h> declares _doprnt.
|    For example, HP-UX 11i <limits.h> declares gettimeofday.  */
| #define _doprnt innocuous__doprnt
| 
| /* System header to define __stub macros and hopefully few prototypes,
|     which can conflict with char _doprnt (); below.
|     Prefer <limits.h> to <assert.h> if __STDC__ is defined, since
|     <limits.h> exists even on freestanding compilers.  */
| 
| #ifdef __STDC__
| # include <limits.h>
| #else
| # include <assert.h>
| #endif
| 
| #undef _doprnt
| 
| /* Override any GCC internal prototype to avoid an error.
|    Use char because int might match the return type of a GCC
|    builtin and then its argument prototype would still apply.  */
| #ifdef __cplusplus
| extern "C"
| #endif
| char _doprnt ();
| /* The GNU C library defines this for functions which it implements
|     to always fail with ENOSYS.  Some functions are actually named
|     something starting with __ and the normal name is an alias.  */
| #if defined __stub__doprnt || defined __stub____doprnt
| choke me
| #endif
| 
| int
| main ()
| {
| return _doprnt ();
|   ;
|   return 0;
| }
configure:5896: result: no
configure:5910: checking for alarm
configure:5910: cc -o conftest -D_C99_SNPRINTF_EXTENSION -D_BSD_EXTENSION -DHAVE_SOCK_OPTS -DHAVE_SNPRINTF -g   conftest.c  >&5
configure:5910: $? = 0
configure:5910: result: yes
configure:5910: checking for atexit
configure:5910: cc -o conftest -D_C99_SNPRINTF_EXTENSION -D_BSD_EXTENSION -DHAVE_SOCK_OPTS -DHAVE_SNPRINTF -g   conftest.c  >&5
configure:5910: $? = 0
configure:5910: result: yes
configure:5910: checking for dup2
configure:5910: cc -o conftest -D_C99_SNPRINTF_EXTENSION -D_BSD_EXTENSION -DHAVE_SOCK_OPTS -DHAVE_SNPRINTF -g   conftest.c  >&5
configure:5910: $? = 0
configure:5910: result: yes
configure:5922: checking for gethostbyaddr
configure:5922: cc -o conftest -D_C99_SNPRINTF_EXTENSION -D_BSD_EXTENSION -DHAVE_SOCK_OPTS -DHAVE_SNPRINTF -g   conftest.c  >&5
configure:5922: $? = 0
configure:5922: result: yes
configure:5922: checking for gethostbyname
configure:5922: cc -o conftest -D_C99_SNPRINTF_EXTENSION -D_BSD_EXTENSION -DHAVE_SOCK_OPTS -DHAVE_SNPRINTF -g   conftest.c  >&5
configure:5922: $? = 0
configure:5922: result: yes
configure:5922: checking for gethostname
configure:5922: cc -o conftest -D_C99_SNPRINTF_EXTENSION -D_BSD_EXTENSION -DHAVE_SOCK_OPTS -DHAVE_SNPRINTF -g   conftest.c  >&5
configure:5922: $? = 0
configure:5922: result: yes
configure:5922: checking for getpass
configure:5922: cc -o conftest -D_C99_SNPRINTF_EXTENSION -D_BSD_EXTENSION -DHAVE_SOCK_OPTS -DHAVE_SNPRINTF -g   conftest.c  >&5
main: getpass is undefined
configure:5922: $? = 1
configure: failed program was:
| /* confdefs.h */
| #define PACKAGE_NAME "miau"
| #define PACKAGE_TARNAME "miau"
| #define PACKAGE_VERSION "0.6.6"
| #define PACKAGE_STRING "miau 0.6.6"
| #define PACKAGE_BUGREPORT ""
| #define PACKAGE_URL ""
| #define PACKAGE "miau"
| #define VERSION "0.6.6"
| #define VERSIONNAME "Scratching post"
| #define DCCBOUNCE yes
| #define AUTOMODE yes
| #define UPTIME yes
| #define CHANLOG yes
| #define PRIVLOG yes
| #define ONCONNECT yes
| #define CTCPREPLIES yes
| #define ASCIIART yes
| #define QUICKLOG yes
| #define QLOGSTAMP yes
| #define INBOX yes
| #define ENDUSERDEBUG yes
| #define DUMPSTATUS yes
| #define STDC_HEADERS 1
| #define HAVE_SYS_TYPES_H 1
| #define HAVE_SYS_STAT_H 1
| #define HAVE_STDLIB_H 1
| #define HAVE_STRING_H 1
| #define HAVE_UNISTD_H 1
| #define HAVE_ARPA_INET_H 1
| #define HAVE_FCNTL_H 1
| #define HAVE_NETDB_H 1
| #define HAVE_NETINET_IN_H 1
| #define HAVE_STDLIB_H 1
| #define HAVE_STRING_H 1
| #define HAVE_SYS_SOCKET_H 1
| #define HAVE_SYS_TIME_H 1
| #define HAVE_UNISTD_H 1
| #define TIME_WITH_SYS_TIME 1
| #define HAVE_FORK 1
| #define vfork fork
| #define HAVE_WORKING_FORK 1
| #define LSTAT_FOLLOWS_SLASHED_SYMLINK 1
| #define LSTAT_FOLLOWS_SLASHED_SYMLINK 1
| #define HAVE_STDLIB_H 1
| #define HAVE_MALLOC 1
| #define HAVE_STDLIB_H 1
| #define HAVE_REALLOC 1
| #define HAVE_SYS_SELECT_H 1
| #define HAVE_SYS_SOCKET_H 1
| #define SELECT_TYPE_ARG1 int
| #define SELECT_TYPE_ARG234 (fd_set *)
| #define SELECT_TYPE_ARG5 (struct timeval *)
| #define HAVE_STRFTIME 1
| #define HAVE_VPRINTF 1
| #define HAVE_ALARM 1
| #define HAVE_ATEXIT 1
| #define HAVE_DUP2 1
| #define HAVE_GETHOSTBYADDR 1
| #define HAVE_GETHOSTBYNAME 1
| #define HAVE_GETHOSTNAME 1
| /* end confdefs.h.  */
| /* Define getpass to an innocuous variant, in case <limits.h> declares getpass.
|    For example, HP-UX 11i <limits.h> declares gettimeofday.  */
| #define getpass innocuous_getpass
| 
| /* System header to define __stub macros and hopefully few prototypes,
|     which can conflict with char getpass (); below.
|     Prefer <limits.h> to <assert.h> if __STDC__ is defined, since
|     <limits.h> exists even on freestanding compilers.  */
| 
| #ifdef __STDC__
| # include <limits.h>
| #else
| # include <assert.h>
| #endif
| 
| #undef getpass
| 
| /* Override any GCC internal prototype to avoid an error.
|    Use char because int might match the return type of a GCC
|    builtin and then its argument prototype would still apply.  */
| #ifdef __cplusplus
| extern "C"
| #endif
| char getpass ();
| /* The GNU C library defines this for functions which it implements
|     to always fail with ENOSYS.  Some functions are actually named
|     something starting with __ and the normal name is an alias.  */
| #if defined __stub_getpass || defined __stub___getpass
| choke me
| #endif
| 
| int
| main ()
| {
| return getpass ();
|   ;
|   return 0;
| }
configure:5922: result: no
configure:5922: checking for gettimeofday
configure:5922: cc -o conftest -D_C99_SNPRINTF_EXTENSION -D_BSD_EXTENSION -DHAVE_SOCK_OPTS -DHAVE_SNPRINTF -g   conftest.c  >&5
configure:5922: $? = 0
configure:5922: result: yes
configure:5934: checking for inet_ntoa
configure:5934: cc -o conftest -D_C99_SNPRINTF_EXTENSION -D_BSD_EXTENSION -DHAVE_SOCK_OPTS -DHAVE_SNPRINTF -g   conftest.c  >&5
configure:5934: $? = 0
configure:5934: result: yes
configure:5934: checking for memmove
configure:5934: cc -o conftest -D_C99_SNPRINTF_EXTENSION -D_BSD_EXTENSION -DHAVE_SOCK_OPTS -DHAVE_SNPRINTF -g   conftest.c  >&5
configure:5934: $? = 0
configure:5934: result: yes
configure:5934: checking for mkdir
configure:5934: cc -o conftest -D_C99_SNPRINTF_EXTENSION -D_BSD_EXTENSION -DHAVE_SOCK_OPTS -DHAVE_SNPRINTF -g   conftest.c  >&5
configure:5934: $? = 0
configure:5934: result: yes
configure:5934: checking for random
configure:5934: cc -o conftest -D_C99_SNPRINTF_EXTENSION -D_BSD_EXTENSION -DHAVE_SOCK_OPTS -DHAVE_SNPRINTF -g   conftest.c  >&5
main: random is undefined
configure:5934: $? = 1
configure: failed program was:
| /* confdefs.h */
| #define PACKAGE_NAME "miau"
| #define PACKAGE_TARNAME "miau"
| #define PACKAGE_VERSION "0.6.6"
| #define PACKAGE_STRING "miau 0.6.6"
| #define PACKAGE_BUGREPORT ""
| #define PACKAGE_URL ""
| #define PACKAGE "miau"
| #define VERSION "0.6.6"
| #define VERSIONNAME "Scratching post"
| #define DCCBOUNCE yes
| #define AUTOMODE yes
| #define UPTIME yes
| #define CHANLOG yes
| #define PRIVLOG yes
| #define ONCONNECT yes
| #define CTCPREPLIES yes
| #define ASCIIART yes
| #define QUICKLOG yes
| #define QLOGSTAMP yes
| #define INBOX yes
| #define ENDUSERDEBUG yes
| #define DUMPSTATUS yes
| #define STDC_HEADERS 1
| #define HAVE_SYS_TYPES_H 1
| #define HAVE_SYS_STAT_H 1
| #define HAVE_STDLIB_H 1
| #define HAVE_STRING_H 1
| #define HAVE_UNISTD_H 1
| #define HAVE_ARPA_INET_H 1
| #define HAVE_FCNTL_H 1
| #define HAVE_NETDB_H 1
| #define HAVE_NETINET_IN_H 1
| #define HAVE_STDLIB_H 1
| #define HAVE_STRING_H 1
| #define HAVE_SYS_SOCKET_H 1
| #define HAVE_SYS_TIME_H 1
| #define HAVE_UNISTD_H 1
| #define TIME_WITH_SYS_TIME 1
| #define HAVE_FORK 1
| #define vfork fork
| #define HAVE_WORKING_FORK 1
| #define LSTAT_FOLLOWS_SLASHED_SYMLINK 1
| #define LSTAT_FOLLOWS_SLASHED_SYMLINK 1
| #define HAVE_STDLIB_H 1
| #define HAVE_MALLOC 1
| #define HAVE_STDLIB_H 1
| #define HAVE_REALLOC 1
| #define HAVE_SYS_SELECT_H 1
| #define HAVE_SYS_SOCKET_H 1
| #define SELECT_TYPE_ARG1 int
| #define SELECT_TYPE_ARG234 (fd_set *)
| #define SELECT_TYPE_ARG5 (struct timeval *)
| #define HAVE_STRFTIME 1
| #define HAVE_VPRINTF 1
| #define HAVE_ALARM 1
| #define HAVE_ATEXIT 1
| #define HAVE_DUP2 1
| #define HAVE_GETHOSTBYADDR 1
| #define HAVE_GETHOSTBYNAME 1
| #define HAVE_GETHOSTNAME 1
| #define HAVE_GETTIMEOFDAY 1
| #define HAVE_INET_NTOA 1
| #define HAVE_MEMMOVE 1
| #define HAVE_MKDIR 1
| /* end confdefs.h.  */
| /* Define random to an innocuous variant, in case <limits.h> declares random.
|    For example, HP-UX 11i <limits.h> declares gettimeofday.  */
| #define random innocuous_random
| 
| /* System header to define __stub macros and hopefully few prototypes,
|     which can conflict with char random (); below.
|     Prefer <limits.h> to <assert.h> if __STDC__ is defined, since
|     <limits.h> exists even on freestanding compilers.  */
| 
| #ifdef __STDC__
| # include <limits.h>
| #else
| # include <assert.h>
| #endif
| 
| #undef random
| 
| /* Override any GCC internal prototype to avoid an error.
|    Use char because int might match the return type of a GCC
|    builtin and then its argument prototype would still apply.  */
| #ifdef __cplusplus
| extern "C"
| #endif
| char random ();
| /* The GNU C library defines this for functions which it implements
|     to always fail with ENOSYS.  Some functions are actually named
|     something starting with __ and the normal name is an alias.  */
| #if defined __stub_random || defined __stub___random
| choke me
| #endif
| 
| int
| main ()
| {
| return random ();
|   ;
|   return 0;
| }
configure:5934: result: no
configure:5946: checking for select
configure:5946: cc -o conftest -D_C99_SNPRINTF_EXTENSION -D_BSD_EXTENSION -DHAVE_SOCK_OPTS -DHAVE_SNPRINTF -g   conftest.c  >&5
configure:5946: $? = 0
configure:5946: result: yes
configure:5946: checking for socket
configure:5946: cc -o conftest -D_C99_SNPRINTF_EXTENSION -D_BSD_EXTENSION -DHAVE_SOCK_OPTS -DHAVE_SNPRINTF -g   conftest.c  >&5
configure:5946: $? = 0
configure:5946: result: yes
configure:5946: checking for strcasecmp
configure:5946: cc -o conftest -D_C99_SNPRINTF_EXTENSION -D_BSD_EXTENSION -DHAVE_SOCK_OPTS -DHAVE_SNPRINTF -g   conftest.c  >&5
configure:5946: $? = 0
configure:5946: result: yes
configure:5946: checking for strchr
configure:5946: cc -o conftest -D_C99_SNPRINTF_EXTENSION -D_BSD_EXTENSION -DHAVE_SOCK_OPTS -DHAVE_SNPRINTF -g   conftest.c  >&5
configure:5946: $? = 0
configure:5946: result: yes
configure:5946: checking for strdup
configure:5946: cc -o conftest -D_C99_SNPRINTF_EXTENSION -D_BSD_EXTENSION -DHAVE_SOCK_OPTS -DHAVE_SNPRINTF -g   conftest.c  >&5
configure:5946: $? = 0
configure:5946: result: yes
configure:5946: checking for strerror
configure:5946: cc -o conftest -D_C99_SNPRINTF_EXTENSION -D_BSD_EXTENSION -DHAVE_SOCK_OPTS -DHAVE_SNPRINTF -g   conftest.c  >&5
configure:5946: $? = 0
configure:5946: result: yes
configure:5946: checking for strncasecmp
configure:5946: cc -o conftest -D_C99_SNPRINTF_EXTENSION -D_BSD_EXTENSION -DHAVE_SOCK_OPTS -DHAVE_SNPRINTF -g   conftest.c  >&5
configure:5946: $? = 0
configure:5946: result: yes
configure:5958: checking for strrchr
configure:5958: cc -o conftest -D_C99_SNPRINTF_EXTENSION -D_BSD_EXTENSION -DHAVE_SOCK_OPTS -DHAVE_SNPRINTF -g   conftest.c  >&5
configure:5958: $? = 0
configure:5958: result: yes
configure:5958: checking for strtol
configure:5958: cc -o conftest -D_C99_SNPRINTF_EXTENSION -D_BSD_EXTENSION -DHAVE_SOCK_OPTS -DHAVE_SNPRINTF -g   conftest.c  >&5
configure:5958: $? = 0
configure:5958: result: yes
configure:5958: checking for strtoul
configure:5958: cc -o conftest -D_C99_SNPRINTF_EXTENSION -D_BSD_EXTENSION -DHAVE_SOCK_OPTS -DHAVE_SNPRINTF -g   conftest.c  >&5
configure:5958: $? = 0
configure:5958: result: yes
configure:5971: checking for bzero
configure:5971: cc -o conftest -D_C99_SNPRINTF_EXTENSION -D_BSD_EXTENSION -DHAVE_SOCK_OPTS -DHAVE_SNPRINTF -g   conftest.c  >&5
configure:5971: $? = 0
configure:5971: result: yes
configure:5971: checking for crypt
configure:5971: cc -o conftest -D_C99_SNPRINTF_EXTENSION -D_BSD_EXTENSION -DHAVE_SOCK_OPTS -DHAVE_SNPRINTF -g   conftest.c  >&5
main: crypt is undefined
configure:5971: $? = 1
configure: failed program was:
| /* confdefs.h */
| #define PACKAGE_NAME "miau"
| #define PACKAGE_TARNAME "miau"
| #define PACKAGE_VERSION "0.6.6"
| #define PACKAGE_STRING "miau 0.6.6"
| #define PACKAGE_BUGREPORT ""
| #define PACKAGE_URL ""
| #define PACKAGE "miau"
| #define VERSION "0.6.6"
| #define VERSIONNAME "Scratching post"
| #define DCCBOUNCE yes
| #define AUTOMODE yes
| #define UPTIME yes
| #define CHANLOG yes
| #define PRIVLOG yes
| #define ONCONNECT yes
| #define CTCPREPLIES yes
| #define ASCIIART yes
| #define QUICKLOG yes
| #define QLOGSTAMP yes
| #define INBOX yes
| #define ENDUSERDEBUG yes
| #define DUMPSTATUS yes
| #define STDC_HEADERS 1
| #define HAVE_SYS_TYPES_H 1
| #define HAVE_SYS_STAT_H 1
| #define HAVE_STDLIB_H 1
| #define HAVE_STRING_H 1
| #define HAVE_UNISTD_H 1
| #define HAVE_ARPA_INET_H 1
| #define HAVE_FCNTL_H 1
| #define HAVE_NETDB_H 1
| #define HAVE_NETINET_IN_H 1
| #define HAVE_STDLIB_H 1
| #define HAVE_STRING_H 1
| #define HAVE_SYS_SOCKET_H 1
| #define HAVE_SYS_TIME_H 1
| #define HAVE_UNISTD_H 1
| #define TIME_WITH_SYS_TIME 1
| #define HAVE_FORK 1
| #define vfork fork
| #define HAVE_WORKING_FORK 1
| #define LSTAT_FOLLOWS_SLASHED_SYMLINK 1
| #define LSTAT_FOLLOWS_SLASHED_SYMLINK 1
| #define HAVE_STDLIB_H 1
| #define HAVE_MALLOC 1
| #define HAVE_STDLIB_H 1
| #define HAVE_REALLOC 1
| #define HAVE_SYS_SELECT_H 1
| #define HAVE_SYS_SOCKET_H 1
| #define SELECT_TYPE_ARG1 int
| #define SELECT_TYPE_ARG234 (fd_set *)
| #define SELECT_TYPE_ARG5 (struct timeval *)
| #define HAVE_STRFTIME 1
| #define HAVE_VPRINTF 1
| #define HAVE_ALARM 1
| #define HAVE_ATEXIT 1
| #define HAVE_DUP2 1
| #define HAVE_GETHOSTBYADDR 1
| #define HAVE_GETHOSTBYNAME 1
| #define HAVE_GETHOSTNAME 1
| #define HAVE_GETTIMEOFDAY 1
| #define HAVE_INET_NTOA 1
| #define HAVE_MEMMOVE 1
| #define HAVE_MKDIR 1
| #define HAVE_SELECT 1
| #define HAVE_SOCKET 1
| #define HAVE_STRCASECMP 1
| #define HAVE_STRCHR 1
| #define HAVE_STRDUP 1
| #define HAVE_STRERROR 1
| #define HAVE_STRNCASECMP 1
| #define HAVE_STRRCHR 1
| #define HAVE_STRTOL 1
| #define HAVE_STRTOUL 1
| #define HAVE_BZERO 1
| /* end confdefs.h.  */
| /* Define crypt to an innocuous variant, in case <limits.h> declares crypt.
|    For example, HP-UX 11i <limits.h> declares gettimeofday.  */
| #define crypt innocuous_crypt
| 
| /* System header to define __stub macros and hopefully few prototypes,
|     which can conflict with char crypt (); below.
|     Prefer <limits.h> to <assert.h> if __STDC__ is defined, since
|     <limits.h> exists even on freestanding compilers.  */
| 
| #ifdef __STDC__
| # include <limits.h>
| #else
| # include <assert.h>
| #endif
| 
| #undef crypt
| 
| /* Override any GCC internal prototype to avoid an error.
|    Use char because int might match the return type of a GCC
|    builtin and then its argument prototype would still apply.  */
| #ifdef __cplusplus
| extern "C"
| #endif
| char crypt ();
| /* The GNU C library defines this for functions which it implements
|     to always fail with ENOSYS.  Some functions are actually named
|     something starting with __ and the normal name is an alias.  */
| #if defined __stub_crypt || defined __stub___crypt
| choke me
| #endif
| 
| int
| main ()
| {
| return crypt ();
|   ;
|   return 0;
| }
configure:5971: result: no
configure:5971: checking for sigaction
configure:5971: cc -o conftest -D_C99_SNPRINTF_EXTENSION -D_BSD_EXTENSION -DHAVE_SOCK_OPTS -DHAVE_SNPRINTF -g   conftest.c  >&5
configure:5971: $? = 0
configure:5971: result: yes
configure:5986: checking for an ANSI C-conforming const
configure:6058: result: yes
configure:6066: checking for size_t
configure:6066: result: yes
configure:6077: checking whether time.h and sys/time.h may both be included
configure:6104: result: yes
configure:6112: checking whether struct tm is in sys/time.h or time.h
configure:6139: result: time.h
configure:6152: checking for select
configure:6152: result: yes
configure:6177: checking for vsnprintf
configure:6177: cc -o conftest -D_C99_SNPRINTF_EXTENSION -D_BSD_EXTENSION -DHAVE_SOCK_OPTS -DHAVE_SNPRINTF -g   conftest.c  >&5
configure:6177: $? = 0
configure:6177: result: yes
configure:6190: checking for snprintf
configure:6190: cc -o conftest -D_C99_SNPRINTF_EXTENSION -D_BSD_EXTENSION -DHAVE_SOCK_OPTS -DHAVE_SNPRINTF -g   conftest.c  >&5
configure:6190: $? = 0
configure:6190: result: yes
configure:6215: checking for socklen_t
configure:6233: cc -c -D_C99_SNPRINTF_EXTENSION -D_BSD_EXTENSION -DHAVE_SOCK_OPTS -DHAVE_SNPRINTF -g  conftest.c >&5
configure:6233: $? = 0
configure:6241: result: yes
configure:6252: checking for hstrerror prototype
configure:6269: cc -o conftest -D_C99_SNPRINTF_EXTENSION -D_BSD_EXTENSION -DHAVE_SOCK_OPTS -DHAVE_SNPRINTF -g   conftest.c  >&5
main: hstrerror is undefined
configure:6269: $? = 1
configure: failed program was:
| /* confdefs.h */
| #define PACKAGE_NAME "miau"
| #define PACKAGE_TARNAME "miau"
| #define PACKAGE_VERSION "0.6.6"
| #define PACKAGE_STRING "miau 0.6.6"
| #define PACKAGE_BUGREPORT ""
| #define PACKAGE_URL ""
| #define PACKAGE "miau"
| #define VERSION "0.6.6"
| #define VERSIONNAME "Scratching post"
| #define DCCBOUNCE yes
| #define AUTOMODE yes
| #define UPTIME yes
| #define CHANLOG yes
| #define PRIVLOG yes
| #define ONCONNECT yes
| #define CTCPREPLIES yes
| #define ASCIIART yes
| #define QUICKLOG yes
| #define QLOGSTAMP yes
| #define INBOX yes
| #define ENDUSERDEBUG yes
| #define DUMPSTATUS yes
| #define STDC_HEADERS 1
| #define HAVE_SYS_TYPES_H 1
| #define HAVE_SYS_STAT_H 1
| #define HAVE_STDLIB_H 1
| #define HAVE_STRING_H 1
| #define HAVE_UNISTD_H 1
| #define HAVE_ARPA_INET_H 1
| #define HAVE_FCNTL_H 1
| #define HAVE_NETDB_H 1
| #define HAVE_NETINET_IN_H 1
| #define HAVE_STDLIB_H 1
| #define HAVE_STRING_H 1
| #define HAVE_SYS_SOCKET_H 1
| #define HAVE_SYS_TIME_H 1
| #define HAVE_UNISTD_H 1
| #define TIME_WITH_SYS_TIME 1
| #define HAVE_FORK 1
| #define vfork fork
| #define HAVE_WORKING_FORK 1
| #define LSTAT_FOLLOWS_SLASHED_SYMLINK 1
| #define LSTAT_FOLLOWS_SLASHED_SYMLINK 1
| #define HAVE_STDLIB_H 1
| #define HAVE_MALLOC 1
| #define HAVE_STDLIB_H 1
| #define HAVE_REALLOC 1
| #define HAVE_SYS_SELECT_H 1
| #define HAVE_SYS_SOCKET_H 1
| #define SELECT_TYPE_ARG1 int
| #define SELECT_TYPE_ARG234 (fd_set *)
| #define SELECT_TYPE_ARG5 (struct timeval *)
| #define HAVE_STRFTIME 1
| #define HAVE_VPRINTF 1
| #define HAVE_ALARM 1
| #define HAVE_ATEXIT 1
| #define HAVE_DUP2 1
| #define HAVE_GETHOSTBYADDR 1
| #define HAVE_GETHOSTBYNAME 1
| #define HAVE_GETHOSTNAME 1
| #define HAVE_GETTIMEOFDAY 1
| #define HAVE_INET_NTOA 1
| #define HAVE_MEMMOVE 1
| #define HAVE_MKDIR 1
| #define HAVE_SELECT 1
| #define HAVE_SOCKET 1
| #define HAVE_STRCASECMP 1
| #define HAVE_STRCHR 1
| #define HAVE_STRDUP 1
| #define HAVE_STRERROR 1
| #define HAVE_STRNCASECMP 1
| #define HAVE_STRRCHR 1
| #define HAVE_STRTOL 1
| #define HAVE_STRTOUL 1
| #define HAVE_BZERO 1
| #define HAVE_SIGACTION 1
| #define TIME_WITH_SYS_TIME 1
| #define HAVE_SELECT 1
| #define HAVE_VSNPRINTF 1
| #define HAVE_SNPRINTF 1
| /* end confdefs.h.  */
| #include <netdb.h>
| int
| main ()
| {
| const char *ret; ret = hstrerror(1); return 0;
|   ;
|   return 0;
| }
configure:6278: result: no
configure:6288: checking for va_copy
configure:6305: cc -o conftest -D_C99_SNPRINTF_EXTENSION -D_BSD_EXTENSION -DHAVE_SOCK_OPTS -DHAVE_SNPRINTF -g   conftest.c  >&5
main: va_copy is undefined
configure:6305: $? = 1
configure: failed program was:
| /* confdefs.h */
| #define PACKAGE_NAME "miau"
| #define PACKAGE_TARNAME "miau"
| #define PACKAGE_VERSION "0.6.6"
| #define PACKAGE_STRING "miau 0.6.6"
| #define PACKAGE_BUGREPORT ""
| #define PACKAGE_URL ""
| #define PACKAGE "miau"
| #define VERSION "0.6.6"
| #define VERSIONNAME "Scratching post"
| #define DCCBOUNCE yes
| #define AUTOMODE yes
| #define UPTIME yes
| #define CHANLOG yes
| #define PRIVLOG yes
| #define ONCONNECT yes
| #define CTCPREPLIES yes
| #define ASCIIART yes
| #define QUICKLOG yes
| #define QLOGSTAMP yes
| #define INBOX yes
| #define ENDUSERDEBUG yes
| #define DUMPSTATUS yes
| #define STDC_HEADERS 1
| #define HAVE_SYS_TYPES_H 1
| #define HAVE_SYS_STAT_H 1
| #define HAVE_STDLIB_H 1
| #define HAVE_STRING_H 1
| #define HAVE_UNISTD_H 1
| #define HAVE_ARPA_INET_H 1
| #define HAVE_FCNTL_H 1
| #define HAVE_NETDB_H 1
| #define HAVE_NETINET_IN_H 1
| #define HAVE_STDLIB_H 1
| #define HAVE_STRING_H 1
| #define HAVE_SYS_SOCKET_H 1
| #define HAVE_SYS_TIME_H 1
| #define HAVE_UNISTD_H 1
| #define TIME_WITH_SYS_TIME 1
| #define HAVE_FORK 1
| #define vfork fork
| #define HAVE_WORKING_FORK 1
| #define LSTAT_FOLLOWS_SLASHED_SYMLINK 1
| #define LSTAT_FOLLOWS_SLASHED_SYMLINK 1
| #define HAVE_STDLIB_H 1
| #define HAVE_MALLOC 1
| #define HAVE_STDLIB_H 1
| #define HAVE_REALLOC 1
| #define HAVE_SYS_SELECT_H 1
| #define HAVE_SYS_SOCKET_H 1
| #define SELECT_TYPE_ARG1 int
| #define SELECT_TYPE_ARG234 (fd_set *)
| #define SELECT_TYPE_ARG5 (struct timeval *)
| #define HAVE_STRFTIME 1
| #define HAVE_VPRINTF 1
| #define HAVE_ALARM 1
| #define HAVE_ATEXIT 1
| #define HAVE_DUP2 1
| #define HAVE_GETHOSTBYADDR 1
| #define HAVE_GETHOSTBYNAME 1
| #define HAVE_GETHOSTNAME 1
| #define HAVE_GETTIMEOFDAY 1
| #define HAVE_INET_NTOA 1
| #define HAVE_MEMMOVE 1
| #define HAVE_MKDIR 1
| #define HAVE_SELECT 1
| #define HAVE_SOCKET 1
| #define HAVE_STRCASECMP 1
| #define HAVE_STRCHR 1
| #define HAVE_STRDUP 1
| #define HAVE_STRERROR 1
| #define HAVE_STRNCASECMP 1
| #define HAVE_STRRCHR 1
| #define HAVE_STRTOL 1
| #define HAVE_STRTOUL 1
| #define HAVE_BZERO 1
| #define HAVE_SIGACTION 1
| #define TIME_WITH_SYS_TIME 1
| #define HAVE_SELECT 1
| #define HAVE_VSNPRINTF 1
| #define HAVE_SNPRINTF 1
| /* end confdefs.h.  */
| #include <stdarg.h>
| int
| main ()
| {
| va_list a1, a2; va_copy(a1, a2); return 0;
|   ;
|   return 0;
| }
configure:6314: result: no
configure:6321: checking for __va_copy
configure:6338: cc -o conftest -D_C99_SNPRINTF_EXTENSION -D_BSD_EXTENSION -DHAVE_SOCK_OPTS -DHAVE_SNPRINTF -g   conftest.c  >&5
main: va_copy is undefined
configure:6338: $? = 1
configure: failed program was:
| /* confdefs.h */
| #define PACKAGE_NAME "miau"
| #define PACKAGE_TARNAME "miau"
| #define PACKAGE_VERSION "0.6.6"
| #define PACKAGE_STRING "miau 0.6.6"
| #define PACKAGE_BUGREPORT ""
| #define PACKAGE_URL ""
| #define PACKAGE "miau"
| #define VERSION "0.6.6"
| #define VERSIONNAME "Scratching post"
| #define DCCBOUNCE yes
| #define AUTOMODE yes
| #define UPTIME yes
| #define CHANLOG yes
| #define PRIVLOG yes
| #define ONCONNECT yes
| #define CTCPREPLIES yes
| #define ASCIIART yes
| #define QUICKLOG yes
| #define QLOGSTAMP yes
| #define INBOX yes
| #define ENDUSERDEBUG yes
| #define DUMPSTATUS yes
| #define STDC_HEADERS 1
| #define HAVE_SYS_TYPES_H 1
| #define HAVE_SYS_STAT_H 1
| #define HAVE_STDLIB_H 1
| #define HAVE_STRING_H 1
| #define HAVE_UNISTD_H 1
| #define HAVE_ARPA_INET_H 1
| #define HAVE_FCNTL_H 1
| #define HAVE_NETDB_H 1
| #define HAVE_NETINET_IN_H 1
| #define HAVE_STDLIB_H 1
| #define HAVE_STRING_H 1
| #define HAVE_SYS_SOCKET_H 1
| #define HAVE_SYS_TIME_H 1
| #define HAVE_UNISTD_H 1
| #define TIME_WITH_SYS_TIME 1
| #define HAVE_FORK 1
| #define vfork fork
| #define HAVE_WORKING_FORK 1
| #define LSTAT_FOLLOWS_SLASHED_SYMLINK 1
| #define LSTAT_FOLLOWS_SLASHED_SYMLINK 1
| #define HAVE_STDLIB_H 1
| #define HAVE_MALLOC 1
| #define HAVE_STDLIB_H 1
| #define HAVE_REALLOC 1
| #define HAVE_SYS_SELECT_H 1
| #define HAVE_SYS_SOCKET_H 1
| #define SELECT_TYPE_ARG1 int
| #define SELECT_TYPE_ARG234 (fd_set *)
| #define SELECT_TYPE_ARG5 (struct timeval *)
| #define HAVE_STRFTIME 1
| #define HAVE_VPRINTF 1
| #define HAVE_ALARM 1
| #define HAVE_ATEXIT 1
| #define HAVE_DUP2 1
| #define HAVE_GETHOSTBYADDR 1
| #define HAVE_GETHOSTBYNAME 1
| #define HAVE_GETHOSTNAME 1
| #define HAVE_GETTIMEOFDAY 1
| #define HAVE_INET_NTOA 1
| #define HAVE_MEMMOVE 1
| #define HAVE_MKDIR 1
| #define HAVE_SELECT 1
| #define HAVE_SOCKET 1
| #define HAVE_STRCASECMP 1
| #define HAVE_STRCHR 1
| #define HAVE_STRDUP 1
| #define HAVE_STRERROR 1
| #define HAVE_STRNCASECMP 1
| #define HAVE_STRRCHR 1
| #define HAVE_STRTOL 1
| #define HAVE_STRTOUL 1
| #define HAVE_BZERO 1
| #define HAVE_SIGACTION 1
| #define TIME_WITH_SYS_TIME 1
| #define HAVE_SELECT 1
| #define HAVE_VSNPRINTF 1
| #define HAVE_SNPRINTF 1
| /* end confdefs.h.  */
| #include <stdarg.h>
| int
| main ()
| {
| va_list a1, a2; va_copy(a1, a2); return 0;
|   ;
|   return 0;
| }
configure:6347: result: no
configure:6477: creating ./config.status

## ---------------------- ##
## Running config.status. ##
## ---------------------- ##

This file was extended by miau config.status 0.6.6, which was
generated by GNU Autoconf 2.67.  Invocation command line was

  CONFIG_FILES    = 
  CONFIG_HEADERS  = 
  CONFIG_LINKS    = 
  CONFIG_COMMANDS = 
  $ ./config.status 

on gozer

config.status:923: creating Makefile
config.status:923: creating src/Makefile
config.status:923: creating doc/Makefile
config.status:923: creating misc/Makefile
config.status:923: creating config.h
config.status:1103: config.h is unchanged
config.status:1151: executing depfiles commands
configure:7931: creating ./config.status

## ---------------------- ##
## Running config.status. ##
## ---------------------- ##

This file was extended by miau config.status 0.6.6, which was
generated by GNU Autoconf 2.67.  Invocation command line was

  CONFIG_FILES    = 
  CONFIG_HEADERS  = 
  CONFIG_LINKS    = 
  CONFIG_COMMANDS = 
  $ ./config.status 

on gozer

config.status:925: creating Makefile
config.status:925: creating src/Makefile
config.status:925: creating doc/Makefile
config.status:925: creating misc/Makefile
config.status:925: creating misc/miaurc
config.status:925: creating miau.spec
config.status:925: creating config.h
config.status:1105: config.h is unchanged
config.status:1153: executing depfiles commands

## ---------------- ##
## Cache variables. ##
## ---------------- ##

ac_cv_c_compiler_gnu=no
ac_cv_c_const=yes
ac_cv_c_inline=inline
ac_cv_env_CC_set=
ac_cv_env_CC_value=
ac_cv_env_CFLAGS_set=set
ac_cv_env_CFLAGS_value='-D_C99_SNPRINTF_EXTENSION -D_BSD_EXTENSION -DHAVE_SOCK_OPTS -DHAVE_SNPRINTF -g'
ac_cv_env_CPPFLAGS_set=
ac_cv_env_CPPFLAGS_value=
ac_cv_env_CPP_set=
ac_cv_env_CPP_value=
ac_cv_env_LDFLAGS_set=
ac_cv_env_LDFLAGS_value=
ac_cv_env_LIBS_set=
ac_cv_env_LIBS_value=
ac_cv_env_build_alias_set=
ac_cv_env_build_alias_value=
ac_cv_env_host_alias_set=
ac_cv_env_host_alias_value=
ac_cv_env_target_alias_set=
ac_cv_env_target_alias_value=
ac_cv_func__doprnt=no
ac_cv_func_alarm=yes
ac_cv_func_atexit=yes
ac_cv_func_bzero=yes
ac_cv_func_crypt=no
ac_cv_func_dup2=yes
ac_cv_func_fork=yes
ac_cv_func_fork_works=yes
ac_cv_func_gethostbyaddr=yes
ac_cv_func_gethostbyname=yes
ac_cv_func_gethostname=yes
ac_cv_func_getpass=no
ac_cv_func_gettimeofday=yes
ac_cv_func_hstrerror=no
ac_cv_func_inet_ntoa=yes
ac_cv_func_lstat_dereferences_slashed_symlink=yes
ac_cv_func_lstat_empty_string_bug=no
ac_cv_func_malloc_0_nonnull=yes
ac_cv_func_memmove=yes
ac_cv_func_mkdir=yes
ac_cv_func_random=no
ac_cv_func_realloc_0_nonnull=yes
ac_cv_func_select=yes
ac_cv_func_select_args='int,fd_set *,struct timeval *'
ac_cv_func_setvbuf_reversed=no
ac_cv_func_sigaction=yes
ac_cv_func_snprintf=yes
ac_cv_func_socket=yes
ac_cv_func_stat_empty_string_bug=no
ac_cv_func_strcasecmp=yes
ac_cv_func_strchr=yes
ac_cv_func_strdup=yes
ac_cv_func_strerror=yes
ac_cv_func_strftime=yes
ac_cv_func_strncasecmp=yes
ac_cv_func_strrchr=yes
ac_cv_func_strtol=yes
ac_cv_func_strtoul=yes
ac_cv_func_vfork=no
ac_cv_func_vfork_works=no
ac_cv_func_vprintf=yes
ac_cv_func_vsnprintf=yes
ac_cv_header_arpa_inet_h=yes
ac_cv_header_crypt_h=no
ac_cv_header_fcntl_h=yes
ac_cv_header_inttypes_h=no
ac_cv_header_memory_h=no
ac_cv_header_netdb_h=yes
ac_cv_header_netinet_in_h=yes
ac_cv_header_stdbool_h=no
ac_cv_header_stdc=yes
ac_cv_header_stdint_h=no
ac_cv_header_stdlib_h=yes
ac_cv_header_string_h=yes
ac_cv_header_strings_h=no
ac_cv_header_sys_select_h=yes
ac_cv_header_sys_socket_h=yes
ac_cv_header_sys_stat_h=yes
ac_cv_header_sys_time_h=yes
ac_cv_header_sys_types_h=yes
ac_cv_header_time=yes
ac_cv_header_unistd_h=yes
ac_cv_header_vfork_h=no
ac_cv_lib_error_at_line=no
ac_cv_macro___va_copy=no
ac_cv_macro_va_copy=no
ac_cv_member_struct_stat_st_blksize=no
ac_cv_member_struct_stat_st_blocks=no
ac_cv_objext=o
ac_cv_path_EGREP=/bin/egrep
ac_cv_path_GREP=/bin/grep
ac_cv_prog_AWK=awk
ac_cv_prog_CC=cc
ac_cv_prog_CPP='cc -E'
ac_cv_prog_cc_c89=
ac_cv_prog_cc_g=yes
ac_cv_prog_make_make_set=yes
ac_cv_search_crypt=no
ac_cv_search_gethostbyaddr='none required'
ac_cv_search_gethostbyname='none required'
ac_cv_search_hstrerror=no
ac_cv_search_socket='none required'
ac_cv_struct_tm=time.h
ac_cv_type__Bool=no
ac_cv_type_pid_t=yes
ac_cv_type_size_t=yes
ac_cv_type_socklen_t=yes
am_cv_CC_dependencies_compiler_type=none

## ----------------- ##
## Output variables. ##
## ----------------- ##

ACLOCAL='${SHELL} /usr/john/miau/missing --run aclocal-1.11'
AMDEPBACKSLASH='\'
AMDEP_FALSE='#'
AMDEP_TRUE=''
AMTAR='${SHELL} /usr/john/miau/missing --run tar'
AUTOCONF='${SHELL} /usr/john/miau/missing --run autoconf'
AUTOHEADER='${SHELL} /usr/john/miau/missing --run autoheader'
AUTOMAKE='${SHELL} /usr/john/miau/missing --run automake-1.11'
AWK='awk'
CC='cc'
CCDEPMODE='depmode=none'
CFLAGS='-D_C99_SNPRINTF_EXTENSION -D_BSD_EXTENSION -DHAVE_SOCK_OPTS -DHAVE_SNPRINTF -g'
CPP='cc -E'
CPPFLAGS=''
CYGPATH_W='echo'
DEFS='-DHAVE_CONFIG_H'
DEPDIR='.deps'
ECHO_C=''
ECHO_N='-n'
ECHO_T=''
EGREP='/bin/egrep'
EXEEXT=''
GREP='/bin/grep'
INSTALL_DATA='${INSTALL} -m 644'
INSTALL_PROGRAM='${INSTALL}'
INSTALL_SCRIPT='${INSTALL}'
INSTALL_STRIP_PROGRAM='$(install_sh) -c -s'
LDFLAGS=''
LIBOBJS=' ${LIBOBJDIR}${LIBOBJDIR}fileblocks$U.o ${LIBOBJDIR}${LIBOBJDIR}error$U.o'
LIBS=''
LTLIBOBJS=' ${LIBOBJDIR}${LIBOBJDIR}fileblocks$U.lo ${LIBOBJDIR}${LIBOBJDIR}error$U.lo'
MAKEINFO='${SHELL} /usr/john/miau/missing --run makeinfo'
MKDIR_P='./install-sh -c -d'
OBJEXT='o'
PACKAGE='miau'
PACKAGE_BUGREPORT=''
PACKAGE_NAME='miau'
PACKAGE_STRING='miau 0.6.6'
PACKAGE_TARNAME='miau'
PACKAGE_URL=''
PACKAGE_VERSION='0.6.6'
PATH_SEPARATOR=':'
SET_MAKE=''
SHELL='/bin/sh'
STRIP=''
VERSION='0.6.6'
ac_ct_CC=''
ac_local='no'
am__EXEEXT_FALSE=''
am__EXEEXT_TRUE='#'
am__fastdepCC_FALSE=''
am__fastdepCC_TRUE='#'
am__include='include'
am__isrc=''
am__leading_dot='.'
am__quote=''
am__tar='${AMTAR} chof - "$$tardir"'
am__untar='${AMTAR} xf -'
bindir='${exec_prefix}/bin'
build_alias=''
datadir='${datarootdir}/doc/miau/examples'
datarootdir='${prefix}/share'
docdir='${datarootdir}/doc/${PACKAGE_TARNAME}'
dvidir='${docdir}'
exampledir=''
exec_prefix='${prefix}'
host_alias=''
htmldir='${docdir}'
includedir='${prefix}/include'
infodir='${datarootdir}/info'
install_sh='${SHELL} /usr/john/miau/install-sh'
libdir='${exec_prefix}/lib'
libexecdir='${exec_prefix}/libexec'
localedir='${datarootdir}/locale'
localstatedir='${prefix}/var'
mandir='${datarootdir}/man'
mkdir_p='$(top_builddir)/./install-sh -c -d'
oldincludedir='/usr/include'
pdfdir='${docdir}'
prefix='/usr/local'
program_transform_name='s,x,x,'
psdir='${docdir}'
sbindir='${exec_prefix}/sbin'
sharedstatedir='${prefix}/com'
sysconfdir='${prefix}/etc'
target_alias=''

## ----------- ##
## confdefs.h. ##
## ----------- ##

/* confdefs.h */
#define PACKAGE_NAME "miau"
#define PACKAGE_TARNAME "miau"
#define PACKAGE_VERSION "0.6.6"
#define PACKAGE_STRING "miau 0.6.6"
#define PACKAGE_BUGREPORT ""
#define PACKAGE_URL ""
#define PACKAGE "miau"
#define VERSION "0.6.6"
#define VERSIONNAME "Scratching post"
#define DCCBOUNCE yes
#define AUTOMODE yes
#define UPTIME yes
#define CHANLOG yes
#define PRIVLOG yes
#define ONCONNECT yes
#define CTCPREPLIES yes
#define ASCIIART yes
#define QUICKLOG yes
#define QLOGSTAMP yes
#define INBOX yes
#define ENDUSERDEBUG yes
#define DUMPSTATUS yes
#define STDC_HEADERS 1
#define HAVE_SYS_TYPES_H 1
#define HAVE_SYS_STAT_H 1
#define HAVE_STDLIB_H 1
#define HAVE_STRING_H 1
#define HAVE_UNISTD_H 1
#define HAVE_ARPA_INET_H 1
#define HAVE_FCNTL_H 1
#define HAVE_NETDB_H 1
#define HAVE_NETINET_IN_H 1
#define HAVE_STDLIB_H 1
#define HAVE_STRING_H 1
#define HAVE_SYS_SOCKET_H 1
#define HAVE_SYS_TIME_H 1
#define HAVE_UNISTD_H 1
#define TIME_WITH_SYS_TIME 1
#define HAVE_FORK 1
#define vfork fork
#define HAVE_WORKING_FORK 1
#define LSTAT_FOLLOWS_SLASHED_SYMLINK 1
#define LSTAT_FOLLOWS_SLASHED_SYMLINK 1
#define HAVE_STDLIB_H 1
#define HAVE_MALLOC 1
#define HAVE_STDLIB_H 1
#define HAVE_REALLOC 1
#define HAVE_SYS_SELECT_H 1
#define HAVE_SYS_SOCKET_H 1
#define SELECT_TYPE_ARG1 int
#define SELECT_TYPE_ARG234 (fd_set *)
#define SELECT_TYPE_ARG5 (struct timeval *)
#define HAVE_STRFTIME 1
#define HAVE_VPRINTF 1
#define HAVE_ALARM 1
#define HAVE_ATEXIT 1
#define HAVE_DUP2 1
#define HAVE_GETHOSTBYADDR 1
#define HAVE_GETHOSTBYNAME 1
#define HAVE_GETHOSTNAME 1
#define HAVE_GETTIMEOFDAY 1
#define HAVE_INET_NTOA 1
#define HAVE_MEMMOVE 1
#define HAVE_MKDIR 1
#define HAVE_SELECT 1
#define HAVE_SOCKET 1
#define HAVE_STRCASECMP 1
#define HAVE_STRCHR 1
#define HAVE_STRDUP 1
#define HAVE_STRERROR 1
#define HAVE_STRNCASECMP 1
#define HAVE_STRRCHR 1
#define HAVE_STRTOL 1
#define HAVE_STRTOUL 1
#define HAVE_BZERO 1
#define HAVE_SIGACTION 1
#define TIME_WITH_SYS_TIME 1
#define HAVE_SELECT 1
#define HAVE_VSNPRINTF 1
#define HAVE_SNPRINTF 1

configure: exit 0

## ---------------------- ##
## Running config.status. ##
## ---------------------- ##

This file was extended by miau config.status 0.6.6, which was
generated by GNU Autoconf 2.67.  Invocation command line was

  CONFIG_FILES    = 
  CONFIG_HEADERS  = 
  CONFIG_LINKS    = 
  CONFIG_COMMANDS = 
  $ ./config.status 

on gozer

config.status:925: creating Makefile
config.status:925: creating src/Makefile
config.status:925: creating doc/Makefile
config.status:925: creating misc/Makefile
config.status:925: creating misc/miaurc
config.status:925: creating miau.spec
config.status:925: creating config.h
config.status:1105: config.h is unchanged
config.status:1153: executing depfiles commands
